  Generate moc_predefs.h
  ClientUtility.cpp
  FramelessDialog.cpp
  FramelessWindow.cpp
D:\work\ClientUtility\ClientUtility\gui\FramelessDialog.cpp(1,1): warning C4828: 文件包含在偏移 0x89 处开始的字符，该字符在当前源字符集中无效(代码页 65001)。
D:\work\ClientUtility\ClientUtility\gui\FramelessDialog.cpp(1,1): warning C4828: 文件包含在偏移 0x8b 处开始的字符，该字符在当前源字符集中无效(代码页 65001)。
D:\work\ClientUtility\ClientUtility\gui\FramelessDialog.cpp(1,1): warning C4828: 文件包含在偏移 0x8e 处开始的字符，该字符在当前源字符集中无效(代码页 65001)。
D:\work\ClientUtility\ClientUtility\gui\FramelessDialog.cpp(1,1): warning C4828: 文件包含在偏移 0xc8 处开始的字符，该字符在当前源字符集中无效(代码页 65001)。
D:\work\ClientUtility\ClientUtility\gui\FramelessDialog.cpp(1,1): warning C4828: 文件包含在偏移 0xca 处开始的字符，该字符在当前源字符集中无效(代码页 65001)。
D:\work\ClientUtility\ClientUtility\gui\FramelessDialog.cpp(1,1): warning C4828: 文件包含在偏移 0xcb 处开始的字符，该字符在当前源字符集中无效(代码页 65001)。
D:\work\ClientUtility\ClientUtility\gui\FramelessWindow.cpp(1,1): warning C4828: 文件包含在偏移 0x131 处开始的字符，该字符在当前源字符集中无效(代码页 65001)。
D:\work\ClientUtility\ClientUtility\gui\FramelessDialog.cpp(1,1): warning C4828: 文件包含在偏移 0xcc 处开始的字符，该字符在当前源字符集中无效(代码页 65001)。
D:\work\ClientUtility\ClientUtility\gui\FramelessWindow.cpp(1,1): warning C4828: 文件包含在偏移 0x133 处开始的字符，该字符在当前源字符集中无效(代码页 65001)。
D:\work\ClientUtility\ClientUtility\gui\FramelessDialog.cpp(1,1): warning C4828: 文件包含在偏移 0xcd 处开始的字符，该字符在当前源字符集中无效(代码页 65001)。
D:\work\ClientUtility\ClientUtility\gui\FramelessWindow.cpp(1,1): warning C4828: 文件包含在偏移 0x134 处开始的字符，该字符在当前源字符集中无效(代码页 65001)。
D:\work\ClientUtility\ClientUtility\gui\FramelessDialog.cpp(1,1): warning C4828: 文件包含在偏移 0x152 处开始的字符，该字符在当前源字符集中无效(代码页 65001)。
D:\work\ClientUtility\ClientUtility\gui\FramelessWindow.cpp(1,1): warning C4828: 文件包含在偏移 0x135 处开始的字符，该字符在当前源字符集中无效(代码页 65001)。
D:\work\ClientUtility\ClientUtility\gui\FramelessDialog.cpp(1,1): warning C4828: 文件包含在偏移 0x156 处开始的字符，该字符在当前源字符集中无效(代码页 65001)。
D:\work\ClientUtility\ClientUtility\gui\FramelessWindow.cpp(1,1): warning C4828: 文件包含在偏移 0x137 处开始的字符，该字符在当前源字符集中无效(代码页 65001)。
D:\work\ClientUtility\ClientUtility\gui\FramelessDialog.cpp(1,1): warning C4828: 文件包含在偏移 0x158 处开始的字符，该字符在当前源字符集中无效(代码页 65001)。
D:\work\ClientUtility\ClientUtility\gui\FramelessWindow.cpp(1,1): warning C4828: 文件包含在偏移 0x138 处开始的字符，该字符在当前源字符集中无效(代码页 65001)。
D:\work\ClientUtility\ClientUtility\gui\FramelessDialog.cpp(1,1): warning C4828: 文件包含在偏移 0x15c 处开始的字符，该字符在当前源字符集中无效(代码页 65001)。
D:\work\ClientUtility\ClientUtility\gui\FramelessWindow.cpp(1,1): warning C4828: 文件包含在偏移 0x139 处开始的字符，该字符在当前源字符集中无效(代码页 65001)。
D:\work\ClientUtility\ClientUtility\gui\FramelessDialog.cpp(1,1): warning C4828: 文件包含在偏移 0x15e 处开始的字符，该字符在当前源字符集中无效(代码页 65001)。
D:\work\ClientUtility\ClientUtility\gui\FramelessWindow.cpp(1,1): warning C4828: 文件包含在偏移 0x13d 处开始的字符，该字符在当前源字符集中无效(代码页 65001)。
D:\work\ClientUtility\ClientUtility\gui\FramelessDialog.cpp(1,1): warning C4828: 文件包含在偏移 0x160 处开始的字符，该字符在当前源字符集中无效(代码页 65001)。
D:\work\ClientUtility\ClientUtility\gui\FramelessWindow.cpp(1,1): warning C4828: 文件包含在偏移 0x13f 处开始的字符，该字符在当前源字符集中无效(代码页 65001)。
D:\work\ClientUtility\ClientUtility\gui\FramelessDialog.cpp(1,1): warning C4828: 文件包含在偏移 0x161 处开始的字符，该字符在当前源字符集中无效(代码页 65001)。
D:\work\ClientUtility\ClientUtility\gui\FramelessWindow.cpp(1,1): warning C4828: 文件包含在偏移 0x140 处开始的字符，该字符在当前源字符集中无效(代码页 65001)。
D:\work\ClientUtility\ClientUtility\gui\FramelessDialog.cpp(1,1): warning C4828: 文件包含在偏移 0x162 处开始的字符，该字符在当前源字符集中无效(代码页 65001)。
D:\work\ClientUtility\ClientUtility\gui\FramelessWindow.cpp(1,1): warning C4828: 文件包含在偏移 0x143 处开始的字符，该字符在当前源字符集中无效(代码页 65001)。
D:\work\ClientUtility\ClientUtility\gui\FramelessDialog.cpp(1,1): warning C4828: 文件包含在偏移 0x163 处开始的字符，该字符在当前源字符集中无效(代码页 65001)。
D:\work\ClientUtility\ClientUtility\gui\FramelessWindow.cpp(1,1): warning C4828: 文件包含在偏移 0x147 处开始的字符，该字符在当前源字符集中无效(代码页 65001)。
D:\work\ClientUtility\ClientUtility\gui\FramelessDialog.cpp(1,1): warning C4828: 文件包含在偏移 0x164 处开始的字符，该字符在当前源字符集中无效(代码页 65001)。
D:\work\ClientUtility\ClientUtility\gui\FramelessWindow.cpp(1,1): warning C4828: 文件包含在偏移 0x14a 处开始的字符，该字符在当前源字符集中无效(代码页 65001)。
D:\work\ClientUtility\ClientUtility\gui\FramelessDialog.cpp(1,1): warning C4828: 文件包含在偏移 0x166 处开始的字符，该字符在当前源字符集中无效(代码页 65001)。
D:\work\ClientUtility\ClientUtility\gui\FramelessWindow.cpp(1,1): warning C4828: 文件包含在偏移 0x14b 处开始的字符，该字符在当前源字符集中无效(代码页 65001)。
D:\work\ClientUtility\ClientUtility\gui\FramelessDialog.cpp(1,1): warning C4828: 文件包含在偏移 0x168 处开始的字符，该字符在当前源字符集中无效(代码页 65001)。
D:\work\ClientUtility\ClientUtility\gui\FramelessWindow.cpp(1,1): warning C4828: 文件包含在偏移 0x14d 处开始的字符，该字符在当前源字符集中无效(代码页 65001)。
D:\work\ClientUtility\ClientUtility\gui\FramelessDialog.cpp(1,1): warning C4828: 文件包含在偏移 0x16a 处开始的字符，该字符在当前源字符集中无效(代码页 65001)。
D:\work\ClientUtility\ClientUtility\gui\FramelessWindow.cpp(1,1): warning C4828: 文件包含在偏移 0x14e 处开始的字符，该字符在当前源字符集中无效(代码页 65001)。
D:\work\ClientUtility\ClientUtility\gui\FramelessDialog.cpp(1,1): warning C4828: 文件包含在偏移 0x16c 处开始的字符，该字符在当前源字符集中无效(代码页 65001)。
D:\work\ClientUtility\ClientUtility\gui\FramelessWindow.cpp(1,1): warning C4828: 文件包含在偏移 0x151 处开始的字符，该字符在当前源字符集中无效(代码页 65001)。
D:\work\ClientUtility\ClientUtility\gui\FramelessDialog.cpp(1,1): warning C4828: 文件包含在偏移 0x170 处开始的字符，该字符在当前源字符集中无效(代码页 65001)。
D:\work\ClientUtility\ClientUtility\gui\FramelessWindow.cpp(1,1): warning C4828: 文件包含在偏移 0x152 处开始的字符，该字符在当前源字符集中无效(代码页 65001)。
D:\work\ClientUtility\ClientUtility\gui\FramelessDialog.cpp(1,1): warning C4828: 文件包含在偏移 0x171 处开始的字符，该字符在当前源字符集中无效(代码页 65001)。
D:\work\ClientUtility\ClientUtility\gui\FramelessWindow.cpp(1,1): warning C4828: 文件包含在偏移 0x156 处开始的字符，该字符在当前源字符集中无效(代码页 65001)。
D:\work\ClientUtility\ClientUtility\gui\FramelessDialog.cpp(1,1): warning C4828: 文件包含在偏移 0x172 处开始的字符，该字符在当前源字符集中无效(代码页 65001)。
D:\work\ClientUtility\ClientUtility\gui\FramelessWindow.cpp(1,1): warning C4828: 文件包含在偏移 0x157 处开始的字符，该字符在当前源字符集中无效(代码页 65001)。
D:\work\ClientUtility\ClientUtility\gui\FramelessDialog.cpp(1,1): warning C4828: 文件包含在偏移 0x176 处开始的字符，该字符在当前源字符集中无效(代码页 65001)。
D:\work\ClientUtility\ClientUtility\gui\FramelessWindow.cpp(1,1): warning C4828: 文件包含在偏移 0x159 处开始的字符，该字符在当前源字符集中无效(代码页 65001)。
D:\work\ClientUtility\ClientUtility\gui\FramelessDialog.cpp(1,1): warning C4828: 文件包含在偏移 0x177 处开始的字符，该字符在当前源字符集中无效(代码页 65001)。
D:\work\ClientUtility\ClientUtility\gui\FramelessWindow.cpp(1,1): warning C4828: 文件包含在偏移 0x15b 处开始的字符，该字符在当前源字符集中无效(代码页 65001)。
D:\work\ClientUtility\ClientUtility\gui\FramelessDialog.cpp(1,1): warning C4828: 文件包含在偏移 0x179 处开始的字符，该字符在当前源字符集中无效(代码页 65001)。
D:\work\ClientUtility\ClientUtility\gui\FramelessWindow.cpp(1,1): warning C4828: 文件包含在偏移 0x15d 处开始的字符，该字符在当前源字符集中无效(代码页 65001)。
D:\work\ClientUtility\ClientUtility\gui\FramelessDialog.cpp(1,1): warning C4828: 文件包含在偏移 0x17a 处开始的字符，该字符在当前源字符集中无效(代码页 65001)。
D:\work\ClientUtility\ClientUtility\gui\FramelessWindow.cpp(1,1): warning C4828: 文件包含在偏移 0x15e 处开始的字符，该字符在当前源字符集中无效(代码页 65001)。
D:\work\ClientUtility\ClientUtility\gui\FramelessDialog.cpp(1,1): warning C4828: 文件包含在偏移 0x17b 处开始的字符，该字符在当前源字符集中无效(代码页 65001)。
D:\work\ClientUtility\ClientUtility\gui\FramelessWindow.cpp(1,1): warning C4828: 文件包含在偏移 0x15f 处开始的字符，该字符在当前源字符集中无效(代码页 65001)。
D:\work\ClientUtility\ClientUtility\gui\FramelessDialog.cpp(1,1): warning C4828: 文件包含在偏移 0x17e 处开始的字符，该字符在当前源字符集中无效(代码页 65001)。
D:\work\ClientUtility\ClientUtility\gui\FramelessWindow.cpp(1,1): warning C4828: 文件包含在偏移 0x161 处开始的字符，该字符在当前源字符集中无效(代码页 65001)。
D:\work\ClientUtility\ClientUtility\gui\FramelessDialog.cpp(1,1): warning C4828: 文件包含在偏移 0x2c1 处开始的字符，该字符在当前源字符集中无效(代码页 65001)。
D:\work\ClientUtility\ClientUtility\gui\FramelessWindow.cpp(1,1): warning C4828: 文件包含在偏移 0x162 处开始的字符，该字符在当前源字符集中无效(代码页 65001)。
D:\work\ClientUtility\ClientUtility\gui\FramelessDialog.cpp(1,1): warning C4828: 文件包含在偏移 0x2c5 处开始的字符，该字符在当前源字符集中无效(代码页 65001)。
D:\work\ClientUtility\ClientUtility\gui\FramelessWindow.cpp(1,1): warning C4828: 文件包含在偏移 0x165 处开始的字符，该字符在当前源字符集中无效(代码页 65001)。
D:\work\ClientUtility\ClientUtility\gui\FramelessDialog.cpp(1,1): warning C4828: 文件包含在偏移 0x2c7 处开始的字符，该字符在当前源字符集中无效(代码页 65001)。
D:\work\ClientUtility\ClientUtility\gui\FramelessWindow.cpp(1,1): warning C4828: 文件包含在偏移 0x166 处开始的字符，该字符在当前源字符集中无效(代码页 65001)。
D:\work\ClientUtility\ClientUtility\gui\FramelessDialog.cpp(1,1): warning C4828: 文件包含在偏移 0x2c8 处开始的字符，该字符在当前源字符集中无效(代码页 65001)。
D:\work\ClientUtility\ClientUtility\gui\FramelessWindow.cpp(1,1): warning C4828: 文件包含在偏移 0x167 处开始的字符，该字符在当前源字符集中无效(代码页 65001)。
D:\work\ClientUtility\ClientUtility\gui\FramelessDialog.cpp(1,1): warning C4828: 文件包含在偏移 0x2cb 处开始的字符，该字符在当前源字符集中无效(代码页 65001)。
D:\work\ClientUtility\ClientUtility\gui\FramelessWindow.cpp(1,1): warning C4828: 文件包含在偏移 0x169 处开始的字符，该字符在当前源字符集中无效(代码页 65001)。
D:\work\ClientUtility\ClientUtility\gui\FramelessDialog.cpp(1,1): warning C4828: 文件包含在偏移 0x2cc 处开始的字符，该字符在当前源字符集中无效(代码页 65001)。
D:\work\ClientUtility\ClientUtility\gui\FramelessWindow.cpp(1,1): warning C4828: 文件包含在偏移 0x16a 处开始的字符，该字符在当前源字符集中无效(代码页 65001)。
D:\work\ClientUtility\ClientUtility\gui\FramelessDialog.cpp(1,1): warning C4828: 文件包含在偏移 0x2cd 处开始的字符，该字符在当前源字符集中无效(代码页 65001)。
D:\work\ClientUtility\ClientUtility\gui\FramelessWindow.cpp(1,1): warning C4828: 文件包含在偏移 0x16d 处开始的字符，该字符在当前源字符集中无效(代码页 65001)。
D:\work\ClientUtility\ClientUtility\gui\FramelessDialog.cpp(1,1): warning C4828: 文件包含在偏移 0x2cf 处开始的字符，该字符在当前源字符集中无效(代码页 65001)。
D:\work\ClientUtility\ClientUtility\gui\FramelessWindow.cpp(1,1): warning C4828: 文件包含在偏移 0x16e 处开始的字符，该字符在当前源字符集中无效(代码页 65001)。
D:\work\ClientUtility\ClientUtility\gui\FramelessDialog.cpp(1,1): warning C4828: 文件包含在偏移 0x2d0 处开始的字符，该字符在当前源字符集中无效(代码页 65001)。
D:\work\ClientUtility\ClientUtility\gui\FramelessWindow.cpp(1,1): warning C4828: 文件包含在偏移 0x172 处开始的字符，该字符在当前源字符集中无效(代码页 65001)。
D:\work\ClientUtility\ClientUtility\gui\FramelessDialog.cpp(1,1): warning C4828: 文件包含在偏移 0x2d1 处开始的字符，该字符在当前源字符集中无效(代码页 65001)。
D:\work\ClientUtility\ClientUtility\gui\FramelessWindow.cpp(1,1): warning C4828: 文件包含在偏移 0x175 处开始的字符，该字符在当前源字符集中无效(代码页 65001)。
D:\work\ClientUtility\ClientUtility\gui\FramelessDialog.cpp(1,1): warning C4828: 文件包含在偏移 0x2d2 处开始的字符，该字符在当前源字符集中无效(代码页 65001)。
D:\work\ClientUtility\ClientUtility\gui\FramelessWindow.cpp(1,1): warning C4828: 文件包含在偏移 0x176 处开始的字符，该字符在当前源字符集中无效(代码页 65001)。
D:\work\ClientUtility\ClientUtility\gui\FramelessDialog.cpp(1,1): warning C4828: 文件包含在偏移 0x2d3 处开始的字符，该字符在当前源字符集中无效(代码页 65001)。
D:\work\ClientUtility\ClientUtility\gui\FramelessWindow.cpp(1,1): warning C4828: 文件包含在偏移 0x205 处开始的字符，该字符在当前源字符集中无效(代码页 65001)。
D:\work\ClientUtility\ClientUtility\gui\FramelessDialog.cpp(1,1): warning C4828: 文件包含在偏移 0x2d5 处开始的字符，该字符在当前源字符集中无效(代码页 65001)。
D:\work\ClientUtility\ClientUtility\gui\FramelessWindow.cpp(1,1): warning C4828: 文件包含在偏移 0x209 处开始的字符，该字符在当前源字符集中无效(代码页 65001)。
D:\work\ClientUtility\ClientUtility\gui\FramelessDialog.cpp(1,1): warning C4828: 文件包含在偏移 0x2d9 处开始的字符，该字符在当前源字符集中无效(代码页 65001)。
D:\work\ClientUtility\ClientUtility\gui\FramelessWindow.cpp(1,1): warning C4828: 文件包含在偏移 0x20a 处开始的字符，该字符在当前源字符集中无效(代码页 65001)。
D:\work\ClientUtility\ClientUtility\gui\FramelessDialog.cpp(1,1): warning C4828: 文件包含在偏移 0x2db 处开始的字符，该字符在当前源字符集中无效(代码页 65001)。
D:\work\ClientUtility\ClientUtility\gui\FramelessWindow.cpp(1,1): warning C4828: 文件包含在偏移 0x20c 处开始的字符，该字符在当前源字符集中无效(代码页 65001)。
D:\work\ClientUtility\ClientUtility\gui\FramelessDialog.cpp(1,1): warning C4828: 文件包含在偏移 0x2dd 处开始的字符，该字符在当前源字符集中无效(代码页 65001)。
D:\work\ClientUtility\ClientUtility\gui\FramelessWindow.cpp(1,1): warning C4828: 文件包含在偏移 0x210 处开始的字符，该字符在当前源字符集中无效(代码页 65001)。
D:\work\ClientUtility\ClientUtility\gui\FramelessDialog.cpp(1,1): warning C4828: 文件包含在偏移 0x2e1 处开始的字符，该字符在当前源字符集中无效(代码页 65001)。
D:\work\ClientUtility\ClientUtility\gui\FramelessWindow.cpp(1,1): warning C4828: 文件包含在偏移 0x211 处开始的字符，该字符在当前源字符集中无效(代码页 65001)。
D:\work\ClientUtility\ClientUtility\gui\FramelessDialog.cpp(1,1): warning C4828: 文件包含在偏移 0x2e3 处开始的字符，该字符在当前源字符集中无效(代码页 65001)。
D:\work\ClientUtility\ClientUtility\gui\FramelessWindow.cpp(1,1): warning C4828: 文件包含在偏移 0x213 处开始的字符，该字符在当前源字符集中无效(代码页 65001)。
D:\work\ClientUtility\ClientUtility\gui\FramelessDialog.cpp(1,1): warning C4828: 文件包含在偏移 0x2e4 处开始的字符，该字符在当前源字符集中无效(代码页 65001)。
D:\work\ClientUtility\ClientUtility\gui\FramelessWindow.cpp(1,1): warning C4828: 文件包含在偏移 0x215 处开始的字符，该字符在当前源字符集中无效(代码页 65001)。
D:\work\ClientUtility\ClientUtility\gui\FramelessDialog.cpp(1,1): warning C4828: 文件包含在偏移 0x2e5 处开始的字符，该字符在当前源字符集中无效(代码页 65001)。
D:\work\ClientUtility\ClientUtility\gui\FramelessWindow.cpp(1,1): warning C4828: 文件包含在偏移 0x216 处开始的字符，该字符在当前源字符集中无效(代码页 65001)。
D:\work\ClientUtility\ClientUtility\gui\FramelessDialog.cpp(1,1): warning C4828: 文件包含在偏移 0x2e7 处开始的字符，该字符在当前源字符集中无效(代码页 65001)。
D:\work\ClientUtility\ClientUtility\gui\FramelessWindow.cpp(1,1): warning C4828: 文件包含在偏移 0x217 处开始的字符，该字符在当前源字符集中无效(代码页 65001)。
D:\work\ClientUtility\ClientUtility\gui\FramelessDialog.cpp(1,1): warning C4828: 文件包含在偏移 0x2e8 处开始的字符，该字符在当前源字符集中无效(代码页 65001)。
D:\work\ClientUtility\ClientUtility\gui\FramelessWindow.cpp(1,1): warning C4828: 文件包含在偏移 0x218 处开始的字符，该字符在当前源字符集中无效(代码页 65001)。
D:\work\ClientUtility\ClientUtility\gui\FramelessDialog.cpp(1,1): warning C4828: 文件包含在偏移 0x2eb 处开始的字符，该字符在当前源字符集中无效(代码页 65001)。
D:\work\ClientUtility\ClientUtility\gui\FramelessWindow.cpp(1,1): warning C4828: 文件包含在偏移 0x219 处开始的字符，该字符在当前源字符集中无效(代码页 65001)。
D:\work\ClientUtility\ClientUtility\gui\FramelessDialog.cpp(1,1): warning C4828: 文件包含在偏移 0x2ec 处开始的字符，该字符在当前源字符集中无效(代码页 65001)。
D:\work\ClientUtility\ClientUtility\gui\FramelessWindow.cpp(1,1): warning C4828: 文件包含在偏移 0x21b 处开始的字符，该字符在当前源字符集中无效(代码页 65001)。
D:\work\ClientUtility\ClientUtility\gui\FramelessDialog.cpp(1,1): warning C4828: 文件包含在偏移 0x2ed 处开始的字符，该字符在当前源字符集中无效(代码页 65001)。
D:\work\ClientUtility\ClientUtility\gui\FramelessWindow.cpp(1,1): warning C4828: 文件包含在偏移 0x21d 处开始的字符，该字符在当前源字符集中无效(代码页 65001)。
D:\work\ClientUtility\ClientUtility\gui\FramelessDialog.cpp(1,1): warning C4828: 文件包含在偏移 0x2ee 处开始的字符，该字符在当前源字符集中无效(代码页 65001)。
D:\work\ClientUtility\ClientUtility\gui\FramelessWindow.cpp(1,1): warning C4828: 文件包含在偏移 0x21e 处开始的字符，该字符在当前源字符集中无效(代码页 65001)。
D:\work\ClientUtility\ClientUtility\gui\FramelessDialog.cpp(1,1): warning C4828: 文件包含在偏移 0x2ef 处开始的字符，该字符在当前源字符集中无效(代码页 65001)。
D:\work\ClientUtility\ClientUtility\gui\FramelessWindow.cpp(1,1): warning C4828: 文件包含在偏移 0x220 处开始的字符，该字符在当前源字符集中无效(代码页 65001)。
D:\work\ClientUtility\ClientUtility\gui\FramelessDialog.cpp(1,1): warning C4828: 文件包含在偏移 0x2f1 处开始的字符，该字符在当前源字符集中无效(代码页 65001)。
D:\work\ClientUtility\ClientUtility\gui\FramelessWindow.cpp(1,1): warning C4828: 文件包含在偏移 0x221 处开始的字符，该字符在当前源字符集中无效(代码页 65001)。
D:\work\ClientUtility\ClientUtility\gui\FramelessDialog.cpp(1,1): warning C4828: 文件包含在偏移 0x2f2 处开始的字符，该字符在当前源字符集中无效(代码页 65001)。
D:\work\ClientUtility\ClientUtility\gui\FramelessWindow.cpp(1,1): warning C4828: 文件包含在偏移 0x223 处开始的字符，该字符在当前源字符集中无效(代码页 65001)。
D:\work\ClientUtility\ClientUtility\gui\FramelessDialog.cpp(1,1): warning C4828: 文件包含在偏移 0x2f3 处开始的字符，该字符在当前源字符集中无效(代码页 65001)。
D:\work\ClientUtility\ClientUtility\gui\FramelessWindow.cpp(1,1): warning C4828: 文件包含在偏移 0x225 处开始的字符，该字符在当前源字符集中无效(代码页 65001)。
D:\work\ClientUtility\ClientUtility\gui\FramelessDialog.cpp(1,1): warning C4828: 文件包含在偏移 0x2f5 处开始的字符，该字符在当前源字符集中无效(代码页 65001)。
D:\work\ClientUtility\ClientUtility\gui\FramelessWindow.cpp(1,1): warning C4828: 文件包含在偏移 0x226 处开始的字符，该字符在当前源字符集中无效(代码页 65001)。
D:\work\ClientUtility\ClientUtility\gui\FramelessDialog.cpp(1,1): warning C4828: 文件包含在偏移 0x2f7 处开始的字符，该字符在当前源字符集中无效(代码页 65001)。
D:\work\ClientUtility\ClientUtility\gui\FramelessWindow.cpp(1,1): warning C4828: 文件包含在偏移 0x22b 处开始的字符，该字符在当前源字符集中无效(代码页 65001)。
D:\work\ClientUtility\ClientUtility\gui\FramelessDialog.cpp(1,1): warning C4828: 文件包含在偏移 0x2f8 处开始的字符，该字符在当前源字符集中无效(代码页 65001)。
D:\work\ClientUtility\ClientUtility\gui\FramelessWindow.cpp(1,1): warning C4828: 文件包含在偏移 0x22c 处开始的字符，该字符在当前源字符集中无效(代码页 65001)。
D:\work\ClientUtility\ClientUtility\gui\FramelessDialog.h(1,1): warning C4828: 文件包含在偏移 0x96 处开始的字符，该字符在当前源字符集中无效(代码页 65001)。 (编译源文件 gui\FramelessDialog.cpp)
D:\work\ClientUtility\ClientUtility\gui\FramelessWindow.cpp(1,1): warning C4828: 文件包含在偏移 0x22d 处开始的字符，该字符在当前源字符集中无效(代码页 65001)。
D:\work\ClientUtility\ClientUtility\gui\FramelessDialog.h(1,1): warning C4828: 文件包含在偏移 0x98 处开始的字符，该字符在当前源字符集中无效(代码页 65001)。 (编译源文件 gui\FramelessDialog.cpp)
D:\work\ClientUtility\ClientUtility\gui\FramelessWindow.cpp(1,1): warning C4828: 文件包含在偏移 0x231 处开始的字符，该字符在当前源字符集中无效(代码页 65001)。
D:\work\ClientUtility\ClientUtility\gui\FramelessDialog.h(1,1): warning C4828: 文件包含在偏移 0x9c 处开始的字符，该字符在当前源字符集中无效(代码页 65001)。 (编译源文件 gui\FramelessDialog.cpp)
D:\work\ClientUtility\ClientUtility\gui\FramelessWindow.cpp(1,1): warning C4828: 文件包含在偏移 0x232 处开始的字符，该字符在当前源字符集中无效(代码页 65001)。
D:\work\ClientUtility\ClientUtility\gui\FramelessDialog.h(1,1): warning C4828: 文件包含在偏移 0x9d 处开始的字符，该字符在当前源字符集中无效(代码页 65001)。 (编译源文件 gui\FramelessDialog.cpp)
D:\work\ClientUtility\ClientUtility\gui\FramelessWindow.cpp(1,1): warning C4828: 文件包含在偏移 0x235 处开始的字符，该字符在当前源字符集中无效(代码页 65001)。
D:\work\ClientUtility\ClientUtility\gui\FramelessDialog.h(1,1): warning C4828: 文件包含在偏移 0xa3 处开始的字符，该字符在当前源字符集中无效(代码页 65001)。 (编译源文件 gui\FramelessDialog.cpp)
D:\work\ClientUtility\ClientUtility\gui\FramelessWindow.cpp(1,1): warning C4828: 文件包含在偏移 0x237 处开始的字符，该字符在当前源字符集中无效(代码页 65001)。
D:\work\ClientUtility\ClientUtility\gui\FramelessDialog.h(1,1): warning C4828: 文件包含在偏移 0xa9 处开始的字符，该字符在当前源字符集中无效(代码页 65001)。 (编译源文件 gui\FramelessDialog.cpp)
D:\work\ClientUtility\ClientUtility\gui\FramelessWindow.cpp(1,1): warning C4828: 文件包含在偏移 0x238 处开始的字符，该字符在当前源字符集中无效(代码页 65001)。
D:\work\ClientUtility\ClientUtility\gui\FramelessDialog.h(1,1): warning C4828: 文件包含在偏移 0xaa 处开始的字符，该字符在当前源字符集中无效(代码页 65001)。 (编译源文件 gui\FramelessDialog.cpp)
D:\work\ClientUtility\ClientUtility\gui\FramelessWindow.cpp(1,1): warning C4828: 文件包含在偏移 0x239 处开始的字符，该字符在当前源字符集中无效(代码页 65001)。
D:\work\ClientUtility\ClientUtility\gui\FramelessDialog.h(1,1): warning C4828: 文件包含在偏移 0xaf 处开始的字符，该字符在当前源字符集中无效(代码页 65001)。 (编译源文件 gui\FramelessDialog.cpp)
D:\work\ClientUtility\ClientUtility\gui\FramelessWindow.cpp(1,1): warning C4828: 文件包含在偏移 0x23b 处开始的字符，该字符在当前源字符集中无效(代码页 65001)。
D:\work\ClientUtility\ClientUtility\gui\FramelessDialog.h(1,1): warning C4828: 文件包含在偏移 0xb0 处开始的字符，该字符在当前源字符集中无效(代码页 65001)。 (编译源文件 gui\FramelessDialog.cpp)
D:\work\ClientUtility\ClientUtility\gui\FramelessWindow.cpp(1,1): warning C4828: 文件包含在偏移 0x23d 处开始的字符，该字符在当前源字符集中无效(代码页 65001)。
D:\work\ClientUtility\ClientUtility\gui\FramelessDialog.h(1,1): warning C4828: 文件包含在偏移 0xb1 处开始的字符，该字符在当前源字符集中无效(代码页 65001)。 (编译源文件 gui\FramelessDialog.cpp)
D:\work\ClientUtility\ClientUtility\gui\FramelessWindow.cpp(1,1): warning C4828: 文件包含在偏移 0x23e 处开始的字符，该字符在当前源字符集中无效(代码页 65001)。
D:\work\ClientUtility\ClientUtility\gui\FramelessDialog.h(1,1): warning C4828: 文件包含在偏移 0xb8 处开始的字符，该字符在当前源字符集中无效(代码页 65001)。 (编译源文件 gui\FramelessDialog.cpp)
D:\work\ClientUtility\ClientUtility\gui\FramelessWindow.cpp(1,1): warning C4828: 文件包含在偏移 0x240 处开始的字符，该字符在当前源字符集中无效(代码页 65001)。
D:\work\ClientUtility\ClientUtility\gui\FramelessDialog.h(1,1): warning C4828: 文件包含在偏移 0xba 处开始的字符，该字符在当前源字符集中无效(代码页 65001)。 (编译源文件 gui\FramelessDialog.cpp)
D:\work\ClientUtility\ClientUtility\gui\FramelessWindow.cpp(1,1): warning C4828: 文件包含在偏移 0x241 处开始的字符，该字符在当前源字符集中无效(代码页 65001)。
D:\work\ClientUtility\ClientUtility\gui\FramelessDialog.h(1,1): warning C4828: 文件包含在偏移 0xbc 处开始的字符，该字符在当前源字符集中无效(代码页 65001)。 (编译源文件 gui\FramelessDialog.cpp)
D:\work\ClientUtility\ClientUtility\gui\FramelessDialog.h(1,1): warning C4828: 文件包含在偏移 0xc2 处开始的字符，该字符在当前源字符集中无效(代码页 65001)。 (编译源文件 gui\FramelessDialog.cpp)
D:\work\ClientUtility\ClientUtility\gui\FramelessDialog.h(1,1): warning C4828: 文件包含在偏移 0xc4 处开始的字符，该字符在当前源字符集中无效(代码页 65001)。 (编译源文件 gui\FramelessDialog.cpp)
D:\work\ClientUtility\ClientUtility\gui\FramelessWindow.cpp(1,1): warning C4828: 文件包含在偏移 0x242 处开始的字符，该字符在当前源字符集中无效(代码页 65001)。
D:\work\ClientUtility\ClientUtility\gui\FramelessDialog.h(1,1): warning C4828: 文件包含在偏移 0xc6 处开始的字符，该字符在当前源字符集中无效(代码页 65001)。 (编译源文件 gui\FramelessDialog.cpp)
D:\work\ClientUtility\ClientUtility\gui\FramelessWindow.cpp(1,1): warning C4828: 文件包含在偏移 0x342 处开始的字符，该字符在当前源字符集中无效(代码页 65001)。
D:\work\ClientUtility\ClientUtility\gui\FramelessDialog.h(1,1): warning C4828: 文件包含在偏移 0xc9 处开始的字符，该字符在当前源字符集中无效(代码页 65001)。 (编译源文件 gui\FramelessDialog.cpp)
D:\work\ClientUtility\ClientUtility\gui\FramelessWindow.cpp(1,1): warning C4828: 文件包含在偏移 0x343 处开始的字符，该字符在当前源字符集中无效(代码页 65001)。
D:\work\ClientUtility\ClientUtility\gui\FramelessDialog.h(1,1): warning C4828: 文件包含在偏移 0xcd 处开始的字符，该字符在当前源字符集中无效(代码页 65001)。 (编译源文件 gui\FramelessDialog.cpp)
D:\work\ClientUtility\ClientUtility\gui\FramelessWindow.cpp(1,1): warning C4828: 文件包含在偏移 0x3c5 处开始的字符，该字符在当前源字符集中无效(代码页 65001)。
D:\work\ClientUtility\ClientUtility\gui\FramelessDialog.h(1,1): warning C4828: 文件包含在偏移 0xce 处开始的字符，该字符在当前源字符集中无效(代码页 65001)。 (编译源文件 gui\FramelessDialog.cpp)
D:\work\ClientUtility\ClientUtility\gui\FramelessWindow.cpp(1,1): warning C4828: 文件包含在偏移 0x3c9 处开始的字符，该字符在当前源字符集中无效(代码页 65001)。
D:\work\ClientUtility\ClientUtility\gui\FramelessDialog.h(1,1): warning C4828: 文件包含在偏移 0xcf 处开始的字符，该字符在当前源字符集中无效(代码页 65001)。 (编译源文件 gui\FramelessDialog.cpp)
D:\work\ClientUtility\ClientUtility\gui\FramelessWindow.cpp(1,1): warning C4828: 文件包含在偏移 0x3ca 处开始的字符，该字符在当前源字符集中无效(代码页 65001)。
D:\work\ClientUtility\ClientUtility\gui\FramelessDialog.h(1,1): warning C4828: 文件包含在偏移 0xd0 处开始的字符，该字符在当前源字符集中无效(代码页 65001)。 (编译源文件 gui\FramelessDialog.cpp)
D:\work\ClientUtility\ClientUtility\gui\FramelessWindow.cpp(1,1): warning C4828: 文件包含在偏移 0x3cc 处开始的字符，该字符在当前源字符集中无效(代码页 65001)。
D:\work\ClientUtility\ClientUtility\gui\FramelessDialog.h(1,1): warning C4828: 文件包含在偏移 0xd2 处开始的字符，该字符在当前源字符集中无效(代码页 65001)。 (编译源文件 gui\FramelessDialog.cpp)
D:\work\ClientUtility\ClientUtility\gui\FramelessWindow.cpp(1,1): warning C4828: 文件包含在偏移 0x3d2 处开始的字符，该字符在当前源字符集中无效(代码页 65001)。
D:\work\ClientUtility\ClientUtility\gui\FramelessDialog.h(1,1): warning C4828: 文件包含在偏移 0xd3 处开始的字符，该字符在当前源字符集中无效(代码页 65001)。 (编译源文件 gui\FramelessDialog.cpp)
D:\work\ClientUtility\ClientUtility\gui\FramelessWindow.cpp(1,1): warning C4828: 文件包含在偏移 0x3d3 处开始的字符，该字符在当前源字符集中无效(代码页 65001)。
D:\work\ClientUtility\ClientUtility\gui\FramelessDialog.h(1,1): warning C4828: 文件包含在偏移 0xd7 处开始的字符，该字符在当前源字符集中无效(代码页 65001)。 (编译源文件 gui\FramelessDialog.cpp)
D:\work\ClientUtility\ClientUtility\gui\FramelessWindow.cpp(1,1): warning C4828: 文件包含在偏移 0x3d5 处开始的字符，该字符在当前源字符集中无效(代码页 65001)。
D:\work\ClientUtility\ClientUtility\gui\FramelessDialog.h(1,1): warning C4828: 文件包含在偏移 0xd8 处开始的字符，该字符在当前源字符集中无效(代码页 65001)。 (编译源文件 gui\FramelessDialog.cpp)
D:\work\ClientUtility\ClientUtility\gui\FramelessWindow.cpp(1,1): warning C4828: 文件包含在偏移 0x3d6 处开始的字符，该字符在当前源字符集中无效(代码页 65001)。
D:\work\ClientUtility\ClientUtility\gui\FramelessDialog.h(1,1): warning C4828: 文件包含在偏移 0xdd 处开始的字符，该字符在当前源字符集中无效(代码页 65001)。 (编译源文件 gui\FramelessDialog.cpp)
D:\work\ClientUtility\ClientUtility\gui\FramelessWindow.cpp(1,1): warning C4828: 文件包含在偏移 0x3d7 处开始的字符，该字符在当前源字符集中无效(代码页 65001)。
D:\work\ClientUtility\ClientUtility\gui\FramelessDialog.h(1,1): warning C4828: 文件包含在偏移 0xde 处开始的字符，该字符在当前源字符集中无效(代码页 65001)。 (编译源文件 gui\FramelessDialog.cpp)
D:\work\ClientUtility\ClientUtility\gui\FramelessWindow.cpp(1,1): warning C4828: 文件包含在偏移 0x3d8 处开始的字符，该字符在当前源字符集中无效(代码页 65001)。
D:\work\ClientUtility\ClientUtility\gui\FramelessDialog.h(1,1): warning C4828: 文件包含在偏移 0xdf 处开始的字符，该字符在当前源字符集中无效(代码页 65001)。 (编译源文件 gui\FramelessDialog.cpp)
D:\work\ClientUtility\ClientUtility\gui\FramelessWindow.cpp(1,1): warning C4828: 文件包含在偏移 0x3d9 处开始的字符，该字符在当前源字符集中无效(代码页 65001)。
D:\work\ClientUtility\ClientUtility\gui\FramelessDialog.h(1,1): warning C4828: 文件包含在偏移 0xe7 处开始的字符，该字符在当前源字符集中无效(代码页 65001)。 (编译源文件 gui\FramelessDialog.cpp)
D:\work\ClientUtility\ClientUtility\gui\FramelessWindow.cpp(1,1): warning C4828: 文件包含在偏移 0x3db 处开始的字符，该字符在当前源字符集中无效(代码页 65001)。
D:\work\ClientUtility\ClientUtility\gui\FramelessDialog.h(1,1): warning C4828: 文件包含在偏移 0xe8 处开始的字符，该字符在当前源字符集中无效(代码页 65001)。 (编译源文件 gui\FramelessDialog.cpp)
D:\work\ClientUtility\ClientUtility\gui\FramelessWindow.cpp(1,1): warning C4828: 文件包含在偏移 0x3df 处开始的字符，该字符在当前源字符集中无效(代码页 65001)。
D:\work\ClientUtility\ClientUtility\gui\FramelessDialog.h(1,1): warning C4828: 文件包含在偏移 0xe9 处开始的字符，该字符在当前源字符集中无效(代码页 65001)。 (编译源文件 gui\FramelessDialog.cpp)
D:\work\ClientUtility\ClientUtility\gui\FramelessWindow.cpp(1,1): warning C4828: 文件包含在偏移 0x3e1 处开始的字符，该字符在当前源字符集中无效(代码页 65001)。
D:\work\ClientUtility\ClientUtility\gui\FramelessDialog.h(1,1): warning C4828: 文件包含在偏移 0xee 处开始的字符，该字符在当前源字符集中无效(代码页 65001)。 (编译源文件 gui\FramelessDialog.cpp)
D:\work\ClientUtility\ClientUtility\gui\FramelessWindow.cpp(1,1): warning C4828: 文件包含在偏移 0x3e3 处开始的字符，该字符在当前源字符集中无效(代码页 65001)。
D:\work\ClientUtility\ClientUtility\gui\FramelessDialog.h(1,1): warning C4828: 文件包含在偏移 0xf0 处开始的字符，该字符在当前源字符集中无效(代码页 65001)。 (编译源文件 gui\FramelessDialog.cpp)
D:\work\ClientUtility\ClientUtility\gui\FramelessWindow.cpp(1,1): warning C4828: 文件包含在偏移 0x3e5 处开始的字符，该字符在当前源字符集中无效(代码页 65001)。
D:\work\ClientUtility\ClientUtility\gui\FramelessDialog.h(1,1): warning C4828: 文件包含在偏移 0xf3 处开始的字符，该字符在当前源字符集中无效(代码页 65001)。 (编译源文件 gui\FramelessDialog.cpp)
D:\work\ClientUtility\ClientUtility\gui\FramelessWindow.cpp(1,1): warning C4828: 文件包含在偏移 0x3e6 处开始的字符，该字符在当前源字符集中无效(代码页 65001)。
D:\work\ClientUtility\ClientUtility\gui\FramelessDialog.h(1,1): warning C4828: 文件包含在偏移 0xf5 处开始的字符，该字符在当前源字符集中无效(代码页 65001)。 (编译源文件 gui\FramelessDialog.cpp)
D:\work\ClientUtility\ClientUtility\gui\FramelessWindow.cpp(1,1): warning C4828: 文件包含在偏移 0x3eb 处开始的字符，该字符在当前源字符集中无效(代码页 65001)。
D:\work\ClientUtility\ClientUtility\gui\FramelessDialog.h(1,1): warning C4828: 文件包含在偏移 0xf7 处开始的字符，该字符在当前源字符集中无效(代码页 65001)。 (编译源文件 gui\FramelessDialog.cpp)
D:\work\ClientUtility\ClientUtility\gui\FramelessWindow.cpp(1,1): warning C4828: 文件包含在偏移 0x3ec 处开始的字符，该字符在当前源字符集中无效(代码页 65001)。
D:\work\ClientUtility\ClientUtility\gui\FramelessDialog.h(1,1): warning C4828: 文件包含在偏移 0xf8 处开始的字符，该字符在当前源字符集中无效(代码页 65001)。 (编译源文件 gui\FramelessDialog.cpp)
D:\work\ClientUtility\ClientUtility\gui\FramelessWindow.cpp(1,1): warning C4828: 文件包含在偏移 0x3ed 处开始的字符，该字符在当前源字符集中无效(代码页 65001)。
D:\work\ClientUtility\ClientUtility\gui\FramelessDialog.h(1,1): warning C4828: 文件包含在偏移 0xfc 处开始的字符，该字符在当前源字符集中无效(代码页 65001)。 (编译源文件 gui\FramelessDialog.cpp)
D:\work\ClientUtility\ClientUtility\gui\FramelessWindow.cpp(1,1): warning C4828: 文件包含在偏移 0x3ef 处开始的字符，该字符在当前源字符集中无效(代码页 65001)。
D:\work\ClientUtility\ClientUtility\gui\FramelessDialog.h(1,1): warning C4828: 文件包含在偏移 0xfe 处开始的字符，该字符在当前源字符集中无效(代码页 65001)。 (编译源文件 gui\FramelessDialog.cpp)
D:\work\ClientUtility\ClientUtility\gui\FramelessWindow.cpp(1,1): warning C4828: 文件包含在偏移 0x3f0 处开始的字符，该字符在当前源字符集中无效(代码页 65001)。
D:\work\ClientUtility\ClientUtility\gui\FramelessDialog.h(1,1): warning C4828: 文件包含在偏移 0x102 处开始的字符，该字符在当前源字符集中无效(代码页 65001)。 (编译源文件 gui\FramelessDialog.cpp)
D:\work\ClientUtility\ClientUtility\gui\FramelessWindow.cpp(1,1): warning C4828: 文件包含在偏移 0x3f1 处开始的字符，该字符在当前源字符集中无效(代码页 65001)。
D:\work\ClientUtility\ClientUtility\gui\FramelessWindow.cpp(1,1): warning C4828: 文件包含在偏移 0x3f3 处开始的字符，该字符在当前源字符集中无效(代码页 65001)。
D:\work\ClientUtility\ClientUtility\gui\FramelessWindow.cpp(1,1): warning C4828: 文件包含在偏移 0x3f4 处开始的字符，该字符在当前源字符集中无效(代码页 65001)。
D:\work\ClientUtility\ClientUtility\gui\FramelessWindow.cpp(1,1): warning C4828: 文件包含在偏移 0x3f7 处开始的字符，该字符在当前源字符集中无效(代码页 65001)。
D:\work\ClientUtility\ClientUtility\gui\FramelessWindow.cpp(1,1): warning C4828: 文件包含在偏移 0x3f8 处开始的字符，该字符在当前源字符集中无效(代码页 65001)。
D:\work\ClientUtility\ClientUtility\gui\FramelessWindow.cpp(1,1): warning C4828: 文件包含在偏移 0x3f9 处开始的字符，该字符在当前源字符集中无效(代码页 65001)。
D:\work\ClientUtility\ClientUtility\gui\FramelessWindow.cpp(1,1): warning C4828: 文件包含在偏移 0x3fb 处开始的字符，该字符在当前源字符集中无效(代码页 65001)。
D:\work\ClientUtility\ClientUtility\gui\FramelessWindow.cpp(1,1): warning C4828: 文件包含在偏移 0x3fc 处开始的字符，该字符在当前源字符集中无效(代码页 65001)。
D:\work\ClientUtility\ClientUtility\gui\FramelessWindow.cpp(1,1): warning C4828: 文件包含在偏移 0x3fd 处开始的字符，该字符在当前源字符集中无效(代码页 65001)。
D:\work\ClientUtility\ClientUtility\gui\FramelessWindow.cpp(1,1): warning C4828: 文件包含在偏移 0x3fe 处开始的字符，该字符在当前源字符集中无效(代码页 65001)。
D:\work\ClientUtility\ClientUtility\gui\FramelessWindow.cpp(1,1): warning C4828: 文件包含在偏移 0x3ff 处开始的字符，该字符在当前源字符集中无效(代码页 65001)。
D:\work\ClientUtility\ClientUtility\gui\FramelessWindow.cpp(1,1): warning C4828: 文件包含在偏移 0x57a 处开始的字符，该字符在当前源字符集中无效(代码页 65001)。
D:\work\ClientUtility\ClientUtility\gui\FramelessWindow.cpp(1,1): warning C4828: 文件包含在偏移 0x57b 处开始的字符，该字符在当前源字符集中无效(代码页 65001)。
D:\work\ClientUtility\ClientUtility\gui\FramelessWindow.cpp(1,1): warning C4828: 文件包含在偏移 0x5fd 处开始的字符，该字符在当前源字符集中无效(代码页 65001)。
D:\work\ClientUtility\ClientUtility\gui\FramelessWindow.cpp(1,1): warning C4828: 文件包含在偏移 0x5fe 处开始的字符，该字符在当前源字符集中无效(代码页 65001)。
D:\work\ClientUtility\ClientUtility\gui\FramelessWindow.cpp(1,1): warning C4828: 文件包含在偏移 0x601 处开始的字符，该字符在当前源字符集中无效(代码页 65001)。
D:\work\ClientUtility\ClientUtility\gui\FramelessWindow.cpp(1,1): warning C4828: 文件包含在偏移 0x603 处开始的字符，该字符在当前源字符集中无效(代码页 65001)。
D:\work\ClientUtility\ClientUtility\gui\FramelessWindow.cpp(1,1): warning C4828: 文件包含在偏移 0x605 处开始的字符，该字符在当前源字符集中无效(代码页 65001)。
D:\work\ClientUtility\ClientUtility\gui\FramelessWindow.cpp(1,1): warning C4828: 文件包含在偏移 0x607 处开始的字符，该字符在当前源字符集中无效(代码页 65001)。
D:\work\ClientUtility\ClientUtility\gui\FramelessWindow.cpp(1,1): warning C4828: 文件包含在偏移 0x608 处开始的字符，该字符在当前源字符集中无效(代码页 65001)。
D:\work\ClientUtility\ClientUtility\gui\FramelessWindow.cpp(1,1): warning C4828: 文件包含在偏移 0x609 处开始的字符，该字符在当前源字符集中无效(代码页 65001)。
D:\work\ClientUtility\ClientUtility\gui\FramelessWindow.cpp(1,1): warning C4828: 文件包含在偏移 0x60b 处开始的字符，该字符在当前源字符集中无效(代码页 65001)。
D:\work\ClientUtility\ClientUtility\gui\FramelessWindow.cpp(1,1): warning C4828: 文件包含在偏移 0x60c 处开始的字符，该字符在当前源字符集中无效(代码页 65001)。
D:\work\ClientUtility\ClientUtility\gui\FramelessWindow.cpp(1,1): warning C4828: 文件包含在偏移 0x72e 处开始的字符，该字符在当前源字符集中无效(代码页 65001)。
D:\work\ClientUtility\ClientUtility\gui\FramelessWindow.cpp(1,1): warning C4828: 文件包含在偏移 0x72f 处开始的字符，该字符在当前源字符集中无效(代码页 65001)。
D:\work\ClientUtility\ClientUtility\gui\FramelessWindow.h(1,1): warning C4828: 文件包含在偏移 0x96 处开始的字符，该字符在当前源字符集中无效(代码页 65001)。 (编译源文件 gui\FramelessWindow.cpp)
D:\work\ClientUtility\ClientUtility\gui\FramelessWindow.h(1,1): warning C4828: 文件包含在偏移 0x98 处开始的字符，该字符在当前源字符集中无效(代码页 65001)。 (编译源文件 gui\FramelessWindow.cpp)
D:\work\ClientUtility\ClientUtility\gui\FramelessWindow.h(1,1): warning C4828: 文件包含在偏移 0x9c 处开始的字符，该字符在当前源字符集中无效(代码页 65001)。 (编译源文件 gui\FramelessWindow.cpp)
D:\work\ClientUtility\ClientUtility\gui\FramelessWindow.h(1,1): warning C4828: 文件包含在偏移 0x9d 处开始的字符，该字符在当前源字符集中无效(代码页 65001)。 (编译源文件 gui\FramelessWindow.cpp)
D:\work\ClientUtility\ClientUtility\gui\FramelessWindow.h(1,1): warning C4828: 文件包含在偏移 0xa1 处开始的字符，该字符在当前源字符集中无效(代码页 65001)。 (编译源文件 gui\FramelessWindow.cpp)
D:\work\ClientUtility\ClientUtility\gui\FramelessWindow.h(1,1): warning C4828: 文件包含在偏移 0xa4 处开始的字符，该字符在当前源字符集中无效(代码页 65001)。 (编译源文件 gui\FramelessWindow.cpp)
D:\work\ClientUtility\ClientUtility\gui\FramelessWindow.h(1,1): warning C4828: 文件包含在偏移 0xa5 处开始的字符，该字符在当前源字符集中无效(代码页 65001)。 (编译源文件 gui\FramelessWindow.cpp)
D:\work\ClientUtility\ClientUtility\gui\FramelessWindow.h(1,1): warning C4828: 文件包含在偏移 0xa6 处开始的字符，该字符在当前源字符集中无效(代码页 65001)。 (编译源文件 gui\FramelessWindow.cpp)
D:\work\ClientUtility\ClientUtility\gui\FramelessWindow.h(1,1): warning C4828: 文件包含在偏移 0xa9 处开始的字符，该字符在当前源字符集中无效(代码页 65001)。 (编译源文件 gui\FramelessWindow.cpp)
D:\work\ClientUtility\ClientUtility\gui\FramelessWindow.h(1,1): warning C4828: 文件包含在偏移 0xaa 处开始的字符，该字符在当前源字符集中无效(代码页 65001)。 (编译源文件 gui\FramelessWindow.cpp)
D:\work\ClientUtility\ClientUtility\gui\FramelessWindow.h(1,1): warning C4828: 文件包含在偏移 0xac 处开始的字符，该字符在当前源字符集中无效(代码页 65001)。 (编译源文件 gui\FramelessWindow.cpp)
D:\work\ClientUtility\ClientUtility\gui\FramelessWindow.h(1,1): warning C4828: 文件包含在偏移 0xad 处开始的字符，该字符在当前源字符集中无效(代码页 65001)。 (编译源文件 gui\FramelessWindow.cpp)
D:\work\ClientUtility\ClientUtility\gui\FramelessWindow.h(1,1): warning C4828: 文件包含在偏移 0xae 处开始的字符，该字符在当前源字符集中无效(代码页 65001)。 (编译源文件 gui\FramelessWindow.cpp)
D:\work\ClientUtility\ClientUtility\gui\FramelessWindow.h(1,1): warning C4828: 文件包含在偏移 0xb2 处开始的字符，该字符在当前源字符集中无效(代码页 65001)。 (编译源文件 gui\FramelessWindow.cpp)
D:\work\ClientUtility\ClientUtility\gui\FramelessWindow.h(1,1): warning C4828: 文件包含在偏移 0xb4 处开始的字符，该字符在当前源字符集中无效(代码页 65001)。 (编译源文件 gui\FramelessWindow.cpp)
D:\work\ClientUtility\ClientUtility\gui\FramelessWindow.h(1,1): warning C4828: 文件包含在偏移 0xb6 处开始的字符，该字符在当前源字符集中无效(代码页 65001)。 (编译源文件 gui\FramelessWindow.cpp)
D:\work\ClientUtility\ClientUtility\gui\FramelessWindow.h(1,1): warning C4828: 文件包含在偏移 0xba 处开始的字符，该字符在当前源字符集中无效(代码页 65001)。 (编译源文件 gui\FramelessWindow.cpp)
D:\work\ClientUtility\ClientUtility\gui\FramelessWindow.h(1,1): warning C4828: 文件包含在偏移 0xbc 处开始的字符，该字符在当前源字符集中无效(代码页 65001)。 (编译源文件 gui\FramelessWindow.cpp)
D:\work\ClientUtility\ClientUtility\gui\FramelessWindow.h(1,1): warning C4828: 文件包含在偏移 0xbd 处开始的字符，该字符在当前源字符集中无效(代码页 65001)。 (编译源文件 gui\FramelessWindow.cpp)
D:\work\ClientUtility\ClientUtility\gui\FramelessWindow.h(1,1): warning C4828: 文件包含在偏移 0xc0 处开始的字符，该字符在当前源字符集中无效(代码页 65001)。 (编译源文件 gui\FramelessWindow.cpp)
D:\work\ClientUtility\ClientUtility\gui\FramelessWindow.h(1,1): warning C4828: 文件包含在偏移 0xc2 处开始的字符，该字符在当前源字符集中无效(代码页 65001)。 (编译源文件 gui\FramelessWindow.cpp)
D:\work\ClientUtility\ClientUtility\gui\FramelessWindow.h(1,1): warning C4828: 文件包含在偏移 0xc3 处开始的字符，该字符在当前源字符集中无效(代码页 65001)。 (编译源文件 gui\FramelessWindow.cpp)
D:\work\ClientUtility\ClientUtility\gui\FramelessWindow.h(1,1): warning C4828: 文件包含在偏移 0xc4 处开始的字符，该字符在当前源字符集中无效(代码页 65001)。 (编译源文件 gui\FramelessWindow.cpp)
D:\work\ClientUtility\ClientUtility\gui\FramelessWindow.h(1,1): warning C4828: 文件包含在偏移 0xc5 处开始的字符，该字符在当前源字符集中无效(代码页 65001)。 (编译源文件 gui\FramelessWindow.cpp)
D:\work\ClientUtility\ClientUtility\gui\FramelessWindow.h(1,1): warning C4828: 文件包含在偏移 0xc6 处开始的字符，该字符在当前源字符集中无效(代码页 65001)。 (编译源文件 gui\FramelessWindow.cpp)
D:\work\ClientUtility\ClientUtility\gui\FramelessWindow.h(1,1): warning C4828: 文件包含在偏移 0xc7 处开始的字符，该字符在当前源字符集中无效(代码页 65001)。 (编译源文件 gui\FramelessWindow.cpp)
D:\work\ClientUtility\ClientUtility\gui\FramelessWindow.h(1,1): warning C4828: 文件包含在偏移 0xc8 处开始的字符，该字符在当前源字符集中无效(代码页 65001)。 (编译源文件 gui\FramelessWindow.cpp)
D:\work\ClientUtility\ClientUtility\gui\FramelessWindow.h(1,1): warning C4828: 文件包含在偏移 0xcc 处开始的字符，该字符在当前源字符集中无效(代码页 65001)。 (编译源文件 gui\FramelessWindow.cpp)
D:\work\ClientUtility\ClientUtility\gui\FramelessWindow.h(1,1): warning C4828: 文件包含在偏移 0xce 处开始的字符，该字符在当前源字符集中无效(代码页 65001)。 (编译源文件 gui\FramelessWindow.cpp)
D:\work\ClientUtility\ClientUtility\gui\FramelessWindow.h(1,1): warning C4828: 文件包含在偏移 0xd0 处开始的字符，该字符在当前源字符集中无效(代码页 65001)。 (编译源文件 gui\FramelessWindow.cpp)
D:\work\ClientUtility\ClientUtility\gui\FramelessWindow.h(1,1): warning C4828: 文件包含在偏移 0xd1 处开始的字符，该字符在当前源字符集中无效(代码页 65001)。 (编译源文件 gui\FramelessWindow.cpp)
D:\work\ClientUtility\ClientUtility\gui\FramelessWindow.h(1,1): warning C4828: 文件包含在偏移 0xd4 处开始的字符，该字符在当前源字符集中无效(代码页 65001)。 (编译源文件 gui\FramelessWindow.cpp)
D:\work\ClientUtility\ClientUtility\gui\FramelessWindow.h(1,1): warning C4828: 文件包含在偏移 0xd5 处开始的字符，该字符在当前源字符集中无效(代码页 65001)。 (编译源文件 gui\FramelessWindow.cpp)
D:\work\ClientUtility\ClientUtility\gui\FramelessWindow.h(1,1): warning C4828: 文件包含在偏移 0xd9 处开始的字符，该字符在当前源字符集中无效(代码页 65001)。 (编译源文件 gui\FramelessWindow.cpp)
D:\work\ClientUtility\ClientUtility\gui\FramelessWindow.h(1,1): warning C4828: 文件包含在偏移 0xda 处开始的字符，该字符在当前源字符集中无效(代码页 65001)。 (编译源文件 gui\FramelessWindow.cpp)
D:\work\ClientUtility\ClientUtility\gui\FramelessWindow.h(1,1): warning C4828: 文件包含在偏移 0xdd 处开始的字符，该字符在当前源字符集中无效(代码页 65001)。 (编译源文件 gui\FramelessWindow.cpp)
D:\work\ClientUtility\ClientUtility\gui\FramelessWindow.h(1,1): warning C4828: 文件包含在偏移 0xde 处开始的字符，该字符在当前源字符集中无效(代码页 65001)。 (编译源文件 gui\FramelessWindow.cpp)
D:\work\ClientUtility\ClientUtility\gui\FramelessWindow.h(1,1): warning C4828: 文件包含在偏移 0xe0 处开始的字符，该字符在当前源字符集中无效(代码页 65001)。 (编译源文件 gui\FramelessWindow.cpp)
D:\work\ClientUtility\ClientUtility\gui\FramelessWindow.h(1,1): warning C4828: 文件包含在偏移 0xe1 处开始的字符，该字符在当前源字符集中无效(代码页 65001)。 (编译源文件 gui\FramelessWindow.cpp)
D:\work\ClientUtility\ClientUtility\gui\FramelessWindow.h(1,1): warning C4828: 文件包含在偏移 0xe2 处开始的字符，该字符在当前源字符集中无效(代码页 65001)。 (编译源文件 gui\FramelessWindow.cpp)
D:\work\ClientUtility\ClientUtility\gui\FramelessWindow.h(1,1): warning C4828: 文件包含在偏移 0xe3 处开始的字符，该字符在当前源字符集中无效(代码页 65001)。 (编译源文件 gui\FramelessWindow.cpp)
D:\work\ClientUtility\ClientUtility\gui\FramelessWindow.h(1,1): warning C4828: 文件包含在偏移 0xe4 处开始的字符，该字符在当前源字符集中无效(代码页 65001)。 (编译源文件 gui\FramelessWindow.cpp)
D:\work\ClientUtility\ClientUtility\gui\FramelessWindow.h(1,1): warning C4828: 文件包含在偏移 0xe5 处开始的字符，该字符在当前源字符集中无效(代码页 65001)。 (编译源文件 gui\FramelessWindow.cpp)
D:\work\ClientUtility\ClientUtility\gui\FramelessWindow.h(1,1): warning C4828: 文件包含在偏移 0xe7 处开始的字符，该字符在当前源字符集中无效(代码页 65001)。 (编译源文件 gui\FramelessWindow.cpp)
D:\work\ClientUtility\ClientUtility\gui\FramelessWindow.h(1,1): warning C4828: 文件包含在偏移 0xec 处开始的字符，该字符在当前源字符集中无效(代码页 65001)。 (编译源文件 gui\FramelessWindow.cpp)
D:\work\ClientUtility\ClientUtility\gui\FramelessWindow.h(1,1): warning C4828: 文件包含在偏移 0xed 处开始的字符，该字符在当前源字符集中无效(代码页 65001)。 (编译源文件 gui\FramelessWindow.cpp)
D:\work\ClientUtility\ClientUtility\gui\FramelessWindow.h(1,1): warning C4828: 文件包含在偏移 0xef 处开始的字符，该字符在当前源字符集中无效(代码页 65001)。 (编译源文件 gui\FramelessWindow.cpp)
D:\work\ClientUtility\ClientUtility\gui\FramelessWindow.h(1,1): warning C4828: 文件包含在偏移 0xf2 处开始的字符，该字符在当前源字符集中无效(代码页 65001)。 (编译源文件 gui\FramelessWindow.cpp)
D:\work\ClientUtility\ClientUtility\gui\FramelessWindow.h(1,1): warning C4828: 文件包含在偏移 0xf3 处开始的字符，该字符在当前源字符集中无效(代码页 65001)。 (编译源文件 gui\FramelessWindow.cpp)
D:\work\ClientUtility\ClientUtility\gui\FramelessWindow.h(1,1): warning C4828: 文件包含在偏移 0xf4 处开始的字符，该字符在当前源字符集中无效(代码页 65001)。 (编译源文件 gui\FramelessWindow.cpp)
D:\work\ClientUtility\ClientUtility\gui\FramelessWindow.h(1,1): warning C4828: 文件包含在偏移 0xf5 处开始的字符，该字符在当前源字符集中无效(代码页 65001)。 (编译源文件 gui\FramelessWindow.cpp)
D:\work\ClientUtility\ClientUtility\gui\FramelessWindow.h(1,1): warning C4828: 文件包含在偏移 0xf8 处开始的字符，该字符在当前源字符集中无效(代码页 65001)。 (编译源文件 gui\FramelessWindow.cpp)
D:\work\ClientUtility\ClientUtility\gui\FramelessWindow.h(1,1): warning C4828: 文件包含在偏移 0xfe 处开始的字符，该字符在当前源字符集中无效(代码页 65001)。 (编译源文件 gui\FramelessWindow.cpp)
D:\work\ClientUtility\ClientUtility\gui\FramelessWindow.h(1,1): warning C4828: 文件包含在偏移 0xff 处开始的字符，该字符在当前源字符集中无效(代码页 65001)。 (编译源文件 gui\FramelessWindow.cpp)
D:\work\ClientUtility\ClientUtility\gui\FramelessWindow.h(1,1): warning C4828: 文件包含在偏移 0x104 处开始的字符，该字符在当前源字符集中无效(代码页 65001)。 (编译源文件 gui\FramelessWindow.cpp)
D:\work\ClientUtility\ClientUtility\gui\FramelessWindow.h(1,1): warning C4828: 文件包含在偏移 0x106 处开始的字符，该字符在当前源字符集中无效(代码页 65001)。 (编译源文件 gui\FramelessWindow.cpp)
D:\work\ClientUtility\ClientUtility\gui\FramelessWindow.h(1,1): warning C4828: 文件包含在偏移 0x107 处开始的字符，该字符在当前源字符集中无效(代码页 65001)。 (编译源文件 gui\FramelessWindow.cpp)
D:\work\ClientUtility\ClientUtility\gui\FramelessWindow.h(1,1): warning C4828: 文件包含在偏移 0x108 处开始的字符，该字符在当前源字符集中无效(代码页 65001)。 (编译源文件 gui\FramelessWindow.cpp)
D:\work\ClientUtility\ClientUtility\gui\FramelessWindow.h(1,1): warning C4828: 文件包含在偏移 0x10a 处开始的字符，该字符在当前源字符集中无效(代码页 65001)。 (编译源文件 gui\FramelessWindow.cpp)
D:\work\ClientUtility\ClientUtility\gui\FramelessWindow.h(1,1): warning C4828: 文件包含在偏移 0x10b 处开始的字符，该字符在当前源字符集中无效(代码页 65001)。 (编译源文件 gui\FramelessWindow.cpp)
D:\work\ClientUtility\ClientUtility\gui\FramelessWindow.h(1,1): warning C4828: 文件包含在偏移 0x10e 处开始的字符，该字符在当前源字符集中无效(代码页 65001)。 (编译源文件 gui\FramelessWindow.cpp)
D:\work\ClientUtility\ClientUtility\gui\FramelessWindow.h(1,1): warning C4828: 文件包含在偏移 0x110 处开始的字符，该字符在当前源字符集中无效(代码页 65001)。 (编译源文件 gui\FramelessWindow.cpp)
D:\work\ClientUtility\ClientUtility\gui\FramelessWindow.h(1,1): warning C4828: 文件包含在偏移 0x111 处开始的字符，该字符在当前源字符集中无效(代码页 65001)。 (编译源文件 gui\FramelessWindow.cpp)
D:\work\ClientUtility\ClientUtility\gui\FramelessWindow.h(1,1): warning C4828: 文件包含在偏移 0x112 处开始的字符，该字符在当前源字符集中无效(代码页 65001)。 (编译源文件 gui\FramelessWindow.cpp)
D:\work\ClientUtility\ClientUtility\gui\FramelessWindow.h(1,1): warning C4828: 文件包含在偏移 0x113 处开始的字符，该字符在当前源字符集中无效(代码页 65001)。 (编译源文件 gui\FramelessWindow.cpp)
D:\work\ClientUtility\ClientUtility\gui\FramelessWindow.h(1,1): warning C4828: 文件包含在偏移 0x114 处开始的字符，该字符在当前源字符集中无效(代码页 65001)。 (编译源文件 gui\FramelessWindow.cpp)
D:\work\ClientUtility\ClientUtility\gui\FramelessWindow.h(1,1): warning C4828: 文件包含在偏移 0x115 处开始的字符，该字符在当前源字符集中无效(代码页 65001)。 (编译源文件 gui\FramelessWindow.cpp)
D:\work\ClientUtility\ClientUtility\gui\FramelessWindow.h(1,1): warning C4828: 文件包含在偏移 0x119 处开始的字符，该字符在当前源字符集中无效(代码页 65001)。 (编译源文件 gui\FramelessWindow.cpp)
D:\work\ClientUtility\ClientUtility\gui\FramelessWindow.h(1,1): warning C4828: 文件包含在偏移 0x11b 处开始的字符，该字符在当前源字符集中无效(代码页 65001)。 (编译源文件 gui\FramelessWindow.cpp)
D:\work\ClientUtility\ClientUtility\gui\FramelessWindow.h(1,1): warning C4828: 文件包含在偏移 0x11e 处开始的字符，该字符在当前源字符集中无效(代码页 65001)。 (编译源文件 gui\FramelessWindow.cpp)
D:\work\ClientUtility\ClientUtility\gui\FramelessWindow.h(1,1): warning C4828: 文件包含在偏移 0x123 处开始的字符，该字符在当前源字符集中无效(代码页 65001)。 (编译源文件 gui\FramelessWindow.cpp)
D:\work\ClientUtility\ClientUtility\gui\FramelessWindow.h(1,1): warning C4828: 文件包含在偏移 0x125 处开始的字符，该字符在当前源字符集中无效(代码页 65001)。 (编译源文件 gui\FramelessWindow.cpp)
D:\work\ClientUtility\ClientUtility\gui\FramelessWindow.h(1,1): warning C4828: 文件包含在偏移 0x128 处开始的字符，该字符在当前源字符集中无效(代码页 65001)。 (编译源文件 gui\FramelessWindow.cpp)
D:\work\ClientUtility\ClientUtility\gui\FramelessWindow.h(1,1): warning C4828: 文件包含在偏移 0x129 处开始的字符，该字符在当前源字符集中无效(代码页 65001)。 (编译源文件 gui\FramelessWindow.cpp)
D:\work\ClientUtility\ClientUtility\gui\FramelessWindow.h(1,1): warning C4828: 文件包含在偏移 0x12a 处开始的字符，该字符在当前源字符集中无效(代码页 65001)。 (编译源文件 gui\FramelessWindow.cpp)
D:\work\ClientUtility\ClientUtility\gui\FramelessWindow.h(1,1): warning C4828: 文件包含在偏移 0x12c 处开始的字符，该字符在当前源字符集中无效(代码页 65001)。 (编译源文件 gui\FramelessWindow.cpp)
D:\work\ClientUtility\ClientUtility\gui\FramelessWindow.h(1,1): warning C4828: 文件包含在偏移 0x12d 处开始的字符，该字符在当前源字符集中无效(代码页 65001)。 (编译源文件 gui\FramelessWindow.cpp)
D:\work\ClientUtility\ClientUtility\gui\FramelessWindow.h(1,1): warning C4828: 文件包含在偏移 0x131 处开始的字符，该字符在当前源字符集中无效(代码页 65001)。 (编译源文件 gui\FramelessWindow.cpp)
D:\work\ClientUtility\ClientUtility\gui\FramelessWindow.h(1,1): warning C4828: 文件包含在偏移 0x132 处开始的字符，该字符在当前源字符集中无效(代码页 65001)。 (编译源文件 gui\FramelessWindow.cpp)
D:\work\ClientUtility\ClientUtility\gui\FramelessWindow.h(1,1): warning C4828: 文件包含在偏移 0x135 处开始的字符，该字符在当前源字符集中无效(代码页 65001)。 (编译源文件 gui\FramelessWindow.cpp)
D:\work\ClientUtility\ClientUtility\gui\FramelessWindow.h(1,1): warning C4828: 文件包含在偏移 0x138 处开始的字符，该字符在当前源字符集中无效(代码页 65001)。 (编译源文件 gui\FramelessWindow.cpp)
D:\work\ClientUtility\ClientUtility\gui\FramelessWindow.h(1,1): warning C4828: 文件包含在偏移 0x139 处开始的字符，该字符在当前源字符集中无效(代码页 65001)。 (编译源文件 gui\FramelessWindow.cpp)
D:\work\ClientUtility\ClientUtility\gui\FramelessWindow.h(1,1): warning C4828: 文件包含在偏移 0x13a 处开始的字符，该字符在当前源字符集中无效(代码页 65001)。 (编译源文件 gui\FramelessWindow.cpp)
D:\work\ClientUtility\ClientUtility\gui\FramelessWindow.h(1,1): warning C4828: 文件包含在偏移 0x13b 处开始的字符，该字符在当前源字符集中无效(代码页 65001)。 (编译源文件 gui\FramelessWindow.cpp)
D:\work\ClientUtility\ClientUtility\gui\FramelessWindow.h(1,1): warning C4828: 文件包含在偏移 0x13c 处开始的字符，该字符在当前源字符集中无效(代码页 65001)。 (编译源文件 gui\FramelessWindow.cpp)
D:\work\ClientUtility\ClientUtility\gui\FramelessWindow.h(1,1): warning C4828: 文件包含在偏移 0x13d 处开始的字符，该字符在当前源字符集中无效(代码页 65001)。 (编译源文件 gui\FramelessWindow.cpp)
D:\work\ClientUtility\ClientUtility\gui\FramelessWindow.h(1,1): warning C4828: 文件包含在偏移 0x13f 处开始的字符，该字符在当前源字符集中无效(代码页 65001)。 (编译源文件 gui\FramelessWindow.cpp)
D:\work\ClientUtility\ClientUtility\gui\FramelessWindow.h(1,1): warning C4828: 文件包含在偏移 0x142 处开始的字符，该字符在当前源字符集中无效(代码页 65001)。 (编译源文件 gui\FramelessWindow.cpp)
D:\work\ClientUtility\ClientUtility\gui\FramelessWindow.h(1,1): warning C4828: 文件包含在偏移 0x144 处开始的字符，该字符在当前源字符集中无效(代码页 65001)。 (编译源文件 gui\FramelessWindow.cpp)
D:\work\ClientUtility\ClientUtility\gui\FramelessWindow.h(1,1): warning C4828: 文件包含在偏移 0x147 处开始的字符，该字符在当前源字符集中无效(代码页 65001)。 (编译源文件 gui\FramelessWindow.cpp)
D:\work\ClientUtility\ClientUtility\gui\FramelessWindow.h(1,1): warning C4828: 文件包含在偏移 0x14a 处开始的字符，该字符在当前源字符集中无效(代码页 65001)。 (编译源文件 gui\FramelessWindow.cpp)
D:\work\ClientUtility\ClientUtility\gui\FramelessWindow.h(1,1): warning C4828: 文件包含在偏移 0x14d 处开始的字符，该字符在当前源字符集中无效(代码页 65001)。 (编译源文件 gui\FramelessWindow.cpp)
D:\work\ClientUtility\ClientUtility\gui\FramelessWindow.h(1,1): warning C4828: 文件包含在偏移 0x154 处开始的字符，该字符在当前源字符集中无效(代码页 65001)。 (编译源文件 gui\FramelessWindow.cpp)
D:\work\ClientUtility\ClientUtility\gui\FramelessWindow.h(1,1): warning C4828: 文件包含在偏移 0x155 处开始的字符，该字符在当前源字符集中无效(代码页 65001)。 (编译源文件 gui\FramelessWindow.cpp)
D:\work\ClientUtility\ClientUtility\gui\FramelessWindow.h(1,1): warning C4828: 文件包含在偏移 0x156 处开始的字符，该字符在当前源字符集中无效(代码页 65001)。 (编译源文件 gui\FramelessWindow.cpp)
D:\work\ClientUtility\ClientUtility\gui\FramelessWindow.h(1,1): warning C4828: 文件包含在偏移 0x157 处开始的字符，该字符在当前源字符集中无效(代码页 65001)。 (编译源文件 gui\FramelessWindow.cpp)
D:\work\ClientUtility\ClientUtility\gui\FramelessWindow.h(1,1): warning C4828: 文件包含在偏移 0x158 处开始的字符，该字符在当前源字符集中无效(代码页 65001)。 (编译源文件 gui\FramelessWindow.cpp)
D:\work\ClientUtility\ClientUtility\gui\FramelessWindow.h(1,1): warning C4828: 文件包含在偏移 0x15a 处开始的字符，该字符在当前源字符集中无效(代码页 65001)。 (编译源文件 gui\FramelessWindow.cpp)
D:\work\ClientUtility\ClientUtility\gui\FramelessWindow.h(1,1): warning C4828: 文件包含在偏移 0x15b 处开始的字符，该字符在当前源字符集中无效(代码页 65001)。 (编译源文件 gui\FramelessWindow.cpp)
D:\work\ClientUtility\ClientUtility\gui\FramelessWindow.h(1,1): warning C4828: 文件包含在偏移 0x15d 处开始的字符，该字符在当前源字符集中无效(代码页 65001)。 (编译源文件 gui\FramelessWindow.cpp)
D:\work\ClientUtility\ClientUtility\gui\FramelessWindow.h(1,1): warning C4828: 文件包含在偏移 0x15e 处开始的字符，该字符在当前源字符集中无效(代码页 65001)。 (编译源文件 gui\FramelessWindow.cpp)
D:\work\ClientUtility\ClientUtility\gui\FramelessWindow.h(1,1): warning C4828: 文件包含在偏移 0x161 处开始的字符，该字符在当前源字符集中无效(代码页 65001)。 (编译源文件 gui\FramelessWindow.cpp)
D:\work\ClientUtility\ClientUtility\gui\FramelessWindow.h(1,1): warning C4828: 文件包含在偏移 0x162 处开始的字符，该字符在当前源字符集中无效(代码页 65001)。 (编译源文件 gui\FramelessWindow.cpp)
D:\work\ClientUtility\ClientUtility\gui\FramelessWindow.h(1,1): warning C4828: 文件包含在偏移 0x163 处开始的字符，该字符在当前源字符集中无效(代码页 65001)。 (编译源文件 gui\FramelessWindow.cpp)
D:\work\ClientUtility\ClientUtility\gui\FramelessWindow.h(1,1): warning C4828: 文件包含在偏移 0x164 处开始的字符，该字符在当前源字符集中无效(代码页 65001)。 (编译源文件 gui\FramelessWindow.cpp)
D:\work\ClientUtility\ClientUtility\gui\FramelessWindow.h(1,1): warning C4828: 文件包含在偏移 0x168 处开始的字符，该字符在当前源字符集中无效(代码页 65001)。 (编译源文件 gui\FramelessWindow.cpp)
D:\work\ClientUtility\ClientUtility\gui\FramelessWindow.h(1,1): warning C4828: 文件包含在偏移 0x16a 处开始的字符，该字符在当前源字符集中无效(代码页 65001)。 (编译源文件 gui\FramelessWindow.cpp)
D:\work\ClientUtility\ClientUtility\gui\FramelessWindow.h(1,1): warning C4828: 文件包含在偏移 0x16d 处开始的字符，该字符在当前源字符集中无效(代码页 65001)。 (编译源文件 gui\FramelessWindow.cpp)
D:\work\ClientUtility\ClientUtility\gui\FramelessWindow.h(1,1): warning C4828: 文件包含在偏移 0x16e 处开始的字符，该字符在当前源字符集中无效(代码页 65001)。 (编译源文件 gui\FramelessWindow.cpp)
D:\work\ClientUtility\ClientUtility\gui\FramelessWindow.h(1,1): warning C4828: 文件包含在偏移 0x170 处开始的字符，该字符在当前源字符集中无效(代码页 65001)。 (编译源文件 gui\FramelessWindow.cpp)
D:\work\ClientUtility\ClientUtility\gui\FramelessWindow.h(1,1): warning C4828: 文件包含在偏移 0x171 处开始的字符，该字符在当前源字符集中无效(代码页 65001)。 (编译源文件 gui\FramelessWindow.cpp)
D:\work\ClientUtility\ClientUtility\gui\FramelessWindow.h(1,1): warning C4828: 文件包含在偏移 0x175 处开始的字符，该字符在当前源字符集中无效(代码页 65001)。 (编译源文件 gui\FramelessWindow.cpp)
D:\work\ClientUtility\ClientUtility\gui\FramelessWindow.h(1,1): warning C4828: 文件包含在偏移 0x176 处开始的字符，该字符在当前源字符集中无效(代码页 65001)。 (编译源文件 gui\FramelessWindow.cpp)
D:\work\ClientUtility\ClientUtility\gui\FramelessWindow.h(1,1): warning C4828: 文件包含在偏移 0x177 处开始的字符，该字符在当前源字符集中无效(代码页 65001)。 (编译源文件 gui\FramelessWindow.cpp)
D:\work\ClientUtility\ClientUtility\gui\FramelessWindow.h(1,1): warning C4828: 文件包含在偏移 0x178 处开始的字符，该字符在当前源字符集中无效(代码页 65001)。 (编译源文件 gui\FramelessWindow.cpp)
D:\work\ClientUtility\ClientUtility\gui\FramelessWindow.h(1,1): warning C4828: 文件包含在偏移 0x17e 处开始的字符，该字符在当前源字符集中无效(代码页 65001)。 (编译源文件 gui\FramelessWindow.cpp)
D:\work\ClientUtility\ClientUtility\gui\FramelessWindow.h(1,1): warning C4828: 文件包含在偏移 0x17f 处开始的字符，该字符在当前源字符集中无效(代码页 65001)。 (编译源文件 gui\FramelessWindow.cpp)
D:\work\ClientUtility\ClientUtility\gui\FramelessWindow.h(1,1): warning C4828: 文件包含在偏移 0x182 处开始的字符，该字符在当前源字符集中无效(代码页 65001)。 (编译源文件 gui\FramelessWindow.cpp)
D:\work\ClientUtility\ClientUtility\gui\FramelessWindow.h(1,1): warning C4828: 文件包含在偏移 0x183 处开始的字符，该字符在当前源字符集中无效(代码页 65001)。 (编译源文件 gui\FramelessWindow.cpp)
D:\work\ClientUtility\ClientUtility\gui\FramelessWindow.h(1,1): warning C4828: 文件包含在偏移 0x184 处开始的字符，该字符在当前源字符集中无效(代码页 65001)。 (编译源文件 gui\FramelessWindow.cpp)
D:\work\ClientUtility\ClientUtility\gui\FramelessWindow.h(1,1): warning C4828: 文件包含在偏移 0x186 处开始的字符，该字符在当前源字符集中无效(代码页 65001)。 (编译源文件 gui\FramelessWindow.cpp)
D:\work\ClientUtility\ClientUtility\gui\FramelessWindow.h(1,1): warning C4828: 文件包含在偏移 0x187 处开始的字符，该字符在当前源字符集中无效(代码页 65001)。 (编译源文件 gui\FramelessWindow.cpp)
D:\work\ClientUtility\ClientUtility\gui\FramelessWindow.h(1,1): warning C4828: 文件包含在偏移 0x188 处开始的字符，该字符在当前源字符集中无效(代码页 65001)。 (编译源文件 gui\FramelessWindow.cpp)
D:\work\ClientUtility\ClientUtility\gui\FramelessWindow.h(1,1): warning C4828: 文件包含在偏移 0x18a 处开始的字符，该字符在当前源字符集中无效(代码页 65001)。 (编译源文件 gui\FramelessWindow.cpp)
D:\work\ClientUtility\ClientUtility\gui\FramelessWindow.h(1,1): warning C4828: 文件包含在偏移 0x18c 处开始的字符，该字符在当前源字符集中无效(代码页 65001)。 (编译源文件 gui\FramelessWindow.cpp)
D:\work\ClientUtility\ClientUtility\gui\FramelessWindow.h(1,1): warning C4828: 文件包含在偏移 0x18d 处开始的字符，该字符在当前源字符集中无效(代码页 65001)。 (编译源文件 gui\FramelessWindow.cpp)
D:\work\ClientUtility\ClientUtility\gui\FramelessWindow.h(1,1): warning C4828: 文件包含在偏移 0x192 处开始的字符，该字符在当前源字符集中无效(代码页 65001)。 (编译源文件 gui\FramelessWindow.cpp)
D:\work\ClientUtility\ClientUtility\gui\FramelessWindow.h(1,1): warning C4828: 文件包含在偏移 0x193 处开始的字符，该字符在当前源字符集中无效(代码页 65001)。 (编译源文件 gui\FramelessWindow.cpp)
D:\work\ClientUtility\ClientUtility\gui\FramelessWindow.h(1,1): warning C4828: 文件包含在偏移 0x1a3 处开始的字符，该字符在当前源字符集中无效(代码页 65001)。 (编译源文件 gui\FramelessWindow.cpp)
D:\work\ClientUtility\ClientUtility\gui\FramelessWindow.h(1,1): warning C4828: 文件包含在偏移 0x1a4 处开始的字符，该字符在当前源字符集中无效(代码页 65001)。 (编译源文件 gui\FramelessWindow.cpp)
D:\work\ClientUtility\ClientUtility\gui\FramelessWindow.h(1,1): warning C4828: 文件包含在偏移 0x1b4 处开始的字符，该字符在当前源字符集中无效(代码页 65001)。 (编译源文件 gui\FramelessWindow.cpp)
D:\work\ClientUtility\ClientUtility\gui\FramelessWindow.h(1,1): warning C4828: 文件包含在偏移 0x1b6 处开始的字符，该字符在当前源字符集中无效(代码页 65001)。 (编译源文件 gui\FramelessWindow.cpp)
D:\work\ClientUtility\ClientUtility\gui\FramelessWindow.h(1,1): warning C4828: 文件包含在偏移 0x1b8 处开始的字符，该字符在当前源字符集中无效(代码页 65001)。 (编译源文件 gui\FramelessWindow.cpp)
D:\work\ClientUtility\ClientUtility\gui\FramelessWindow.h(1,1): warning C4828: 文件包含在偏移 0x1ba 处开始的字符，该字符在当前源字符集中无效(代码页 65001)。 (编译源文件 gui\FramelessWindow.cpp)
D:\work\ClientUtility\ClientUtility\gui\FramelessWindow.h(1,1): warning C4828: 文件包含在偏移 0x1bc 处开始的字符，该字符在当前源字符集中无效(代码页 65001)。 (编译源文件 gui\FramelessWindow.cpp)
D:\work\ClientUtility\ClientUtility\gui\FramelessWindow.h(1,1): warning C4828: 文件包含在偏移 0x1bd 处开始的字符，该字符在当前源字符集中无效(代码页 65001)。 (编译源文件 gui\FramelessWindow.cpp)
D:\work\ClientUtility\ClientUtility\gui\FramelessWindow.h(1,1): warning C4828: 文件包含在偏移 0x1c1 处开始的字符，该字符在当前源字符集中无效(代码页 65001)。 (编译源文件 gui\FramelessWindow.cpp)
D:\work\ClientUtility\ClientUtility\gui\FramelessWindow.h(1,1): warning C4828: 文件包含在偏移 0x1c2 处开始的字符，该字符在当前源字符集中无效(代码页 65001)。 (编译源文件 gui\FramelessWindow.cpp)
D:\work\ClientUtility\ClientUtility\gui\FramelessWindow.h(1,1): warning C4828: 文件包含在偏移 0x1c3 处开始的字符，该字符在当前源字符集中无效(代码页 65001)。 (编译源文件 gui\FramelessWindow.cpp)
D:\work\ClientUtility\ClientUtility\gui\FramelessWindow.h(1,1): warning C4828: 文件包含在偏移 0x1c4 处开始的字符，该字符在当前源字符集中无效(代码页 65001)。 (编译源文件 gui\FramelessWindow.cpp)
D:\work\ClientUtility\ClientUtility\gui\FramelessWindow.h(1,1): warning C4828: 文件包含在偏移 0x1c6 处开始的字符，该字符在当前源字符集中无效(代码页 65001)。 (编译源文件 gui\FramelessWindow.cpp)
D:\work\ClientUtility\ClientUtility\gui\FramelessWindow.h(1,1): warning C4828: 文件包含在偏移 0x1c7 处开始的字符，该字符在当前源字符集中无效(代码页 65001)。 (编译源文件 gui\FramelessWindow.cpp)
D:\work\ClientUtility\ClientUtility\gui\FramelessWindow.h(1,1): warning C4828: 文件包含在偏移 0x1ca 处开始的字符，该字符在当前源字符集中无效(代码页 65001)。 (编译源文件 gui\FramelessWindow.cpp)
D:\work\ClientUtility\ClientUtility\gui\FramelessWindow.h(1,1): warning C4828: 文件包含在偏移 0x1cc 处开始的字符，该字符在当前源字符集中无效(代码页 65001)。 (编译源文件 gui\FramelessWindow.cpp)
D:\work\ClientUtility\ClientUtility\gui\FramelessWindow.h(1,1): warning C4828: 文件包含在偏移 0x1d4 处开始的字符，该字符在当前源字符集中无效(代码页 65001)。 (编译源文件 gui\FramelessWindow.cpp)
D:\work\ClientUtility\ClientUtility\gui\FramelessWindow.h(1,1): warning C4828: 文件包含在偏移 0x1d7 处开始的字符，该字符在当前源字符集中无效(代码页 65001)。 (编译源文件 gui\FramelessWindow.cpp)
D:\work\ClientUtility\ClientUtility\gui\FramelessWindow.h(1,1): warning C4828: 文件包含在偏移 0x1d8 处开始的字符，该字符在当前源字符集中无效(代码页 65001)。 (编译源文件 gui\FramelessWindow.cpp)
D:\work\ClientUtility\ClientUtility\gui\FramelessWindow.h(1,1): warning C4828: 文件包含在偏移 0x1d9 处开始的字符，该字符在当前源字符集中无效(代码页 65001)。 (编译源文件 gui\FramelessWindow.cpp)
D:\work\ClientUtility\ClientUtility\gui\FramelessWindow.h(1,1): warning C4828: 文件包含在偏移 0x1dc 处开始的字符，该字符在当前源字符集中无效(代码页 65001)。 (编译源文件 gui\FramelessWindow.cpp)
D:\work\ClientUtility\ClientUtility\gui\FramelessWindow.h(1,1): warning C4828: 文件包含在偏移 0x1dd 处开始的字符，该字符在当前源字符集中无效(代码页 65001)。 (编译源文件 gui\FramelessWindow.cpp)
D:\work\ClientUtility\ClientUtility\gui\FramelessWindow.h(1,1): warning C4828: 文件包含在偏移 0x1de 处开始的字符，该字符在当前源字符集中无效(代码页 65001)。 (编译源文件 gui\FramelessWindow.cpp)
D:\work\ClientUtility\ClientUtility\gui\FramelessWindow.h(1,1): warning C4828: 文件包含在偏移 0x1df 处开始的字符，该字符在当前源字符集中无效(代码页 65001)。 (编译源文件 gui\FramelessWindow.cpp)
D:\work\ClientUtility\ClientUtility\gui\FramelessWindow.h(1,1): warning C4828: 文件包含在偏移 0x1e0 处开始的字符，该字符在当前源字符集中无效(代码页 65001)。 (编译源文件 gui\FramelessWindow.cpp)
D:\work\ClientUtility\ClientUtility\gui\FramelessWindow.h(1,1): warning C4828: 文件包含在偏移 0x1e1 处开始的字符，该字符在当前源字符集中无效(代码页 65001)。 (编译源文件 gui\FramelessWindow.cpp)
D:\work\ClientUtility\ClientUtility\gui\FramelessWindow.h(1,1): warning C4828: 文件包含在偏移 0x1e2 处开始的字符，该字符在当前源字符集中无效(代码页 65001)。 (编译源文件 gui\FramelessWindow.cpp)
D:\work\ClientUtility\ClientUtility\gui\FramelessWindow.h(1,1): warning C4828: 文件包含在偏移 0x1e4 处开始的字符，该字符在当前源字符集中无效(代码页 65001)。 (编译源文件 gui\FramelessWindow.cpp)
D:\work\ClientUtility\ClientUtility\gui\FramelessWindow.h(1,1): warning C4828: 文件包含在偏移 0x1e6 处开始的字符，该字符在当前源字符集中无效(代码页 65001)。 (编译源文件 gui\FramelessWindow.cpp)
D:\work\ClientUtility\ClientUtility\gui\FramelessWindow.h(1,1): warning C4828: 文件包含在偏移 0x1e8 处开始的字符，该字符在当前源字符集中无效(代码页 65001)。 (编译源文件 gui\FramelessWindow.cpp)
D:\work\ClientUtility\ClientUtility\gui\FramelessWindow.h(1,1): warning C4828: 文件包含在偏移 0x1e9 处开始的字符，该字符在当前源字符集中无效(代码页 65001)。 (编译源文件 gui\FramelessWindow.cpp)
D:\work\ClientUtility\ClientUtility\gui\FramelessWindow.h(1,1): warning C4828: 文件包含在偏移 0x1ee 处开始的字符，该字符在当前源字符集中无效(代码页 65001)。 (编译源文件 gui\FramelessWindow.cpp)
D:\work\ClientUtility\ClientUtility\gui\FramelessWindow.h(1,1): warning C4828: 文件包含在偏移 0x1ef 处开始的字符，该字符在当前源字符集中无效(代码页 65001)。 (编译源文件 gui\FramelessWindow.cpp)
D:\work\ClientUtility\ClientUtility\gui\FramelessWindow.h(1,1): warning C4828: 文件包含在偏移 0x1ff 处开始的字符，该字符在当前源字符集中无效(代码页 65001)。 (编译源文件 gui\FramelessWindow.cpp)
D:\work\ClientUtility\ClientUtility\gui\FramelessWindow.h(1,1): warning C4828: 文件包含在偏移 0x200 处开始的字符，该字符在当前源字符集中无效(代码页 65001)。 (编译源文件 gui\FramelessWindow.cpp)
D:\work\ClientUtility\ClientUtility\gui\FramelessWindow.h(1,1): warning C4828: 文件包含在偏移 0x201 处开始的字符，该字符在当前源字符集中无效(代码页 65001)。 (编译源文件 gui\FramelessWindow.cpp)
D:\work\ClientUtility\ClientUtility\gui\FramelessWindow.h(1,1): warning C4828: 文件包含在偏移 0x202 处开始的字符，该字符在当前源字符集中无效(代码页 65001)。 (编译源文件 gui\FramelessWindow.cpp)
D:\work\ClientUtility\ClientUtility\gui\FramelessWindow.h(1,1): warning C4828: 文件包含在偏移 0x204 处开始的字符，该字符在当前源字符集中无效(代码页 65001)。 (编译源文件 gui\FramelessWindow.cpp)
D:\work\ClientUtility\ClientUtility\gui\FramelessWindow.h(1,1): warning C4828: 文件包含在偏移 0x205 处开始的字符，该字符在当前源字符集中无效(代码页 65001)。 (编译源文件 gui\FramelessWindow.cpp)
D:\work\ClientUtility\ClientUtility\gui\FramelessWindow.h(1,1): warning C4828: 文件包含在偏移 0x206 处开始的字符，该字符在当前源字符集中无效(代码页 65001)。 (编译源文件 gui\FramelessWindow.cpp)
D:\work\ClientUtility\ClientUtility\gui\FramelessWindow.h(1,1): warning C4828: 文件包含在偏移 0x20c 处开始的字符，该字符在当前源字符集中无效(代码页 65001)。 (编译源文件 gui\FramelessWindow.cpp)
D:\work\ClientUtility\ClientUtility\gui\FramelessWindow.h(1,1): warning C4828: 文件包含在偏移 0x20d 处开始的字符，该字符在当前源字符集中无效(代码页 65001)。 (编译源文件 gui\FramelessWindow.cpp)
D:\work\ClientUtility\ClientUtility\gui\FramelessWindow.h(1,1): warning C4828: 文件包含在偏移 0x211 处开始的字符，该字符在当前源字符集中无效(代码页 65001)。 (编译源文件 gui\FramelessWindow.cpp)
D:\work\ClientUtility\ClientUtility\gui\FramelessWindow.h(1,1): warning C4828: 文件包含在偏移 0x212 处开始的字符，该字符在当前源字符集中无效(代码页 65001)。 (编译源文件 gui\FramelessWindow.cpp)
D:\work\ClientUtility\ClientUtility\gui\FramelessWindow.h(1,1): warning C4828: 文件包含在偏移 0x213 处开始的字符，该字符在当前源字符集中无效(代码页 65001)。 (编译源文件 gui\FramelessWindow.cpp)
D:\work\ClientUtility\ClientUtility\gui\FramelessWindow.h(1,1): warning C4828: 文件包含在偏移 0x214 处开始的字符，该字符在当前源字符集中无效(代码页 65001)。 (编译源文件 gui\FramelessWindow.cpp)
D:\work\ClientUtility\ClientUtility\gui\FramelessWindow.h(1,1): warning C4828: 文件包含在偏移 0x22a 处开始的字符，该字符在当前源字符集中无效(代码页 65001)。 (编译源文件 gui\FramelessWindow.cpp)
D:\work\ClientUtility\ClientUtility\gui\FramelessWindow.h(1,1): warning C4828: 文件包含在偏移 0x22b 处开始的字符，该字符在当前源字符集中无效(代码页 65001)。 (编译源文件 gui\FramelessWindow.cpp)
D:\work\ClientUtility\ClientUtility\gui\FramelessWindow.h(1,1): warning C4828: 文件包含在偏移 0x23b 处开始的字符，该字符在当前源字符集中无效(代码页 65001)。 (编译源文件 gui\FramelessWindow.cpp)
D:\work\ClientUtility\ClientUtility\gui\FramelessWindow.h(1,1): warning C4828: 文件包含在偏移 0x23c 处开始的字符，该字符在当前源字符集中无效(代码页 65001)。 (编译源文件 gui\FramelessWindow.cpp)
D:\work\ClientUtility\ClientUtility\gui\FramelessWindow.h(1,1): warning C4828: 文件包含在偏移 0x23e 处开始的字符，该字符在当前源字符集中无效(代码页 65001)。 (编译源文件 gui\FramelessWindow.cpp)
D:\work\ClientUtility\ClientUtility\gui\FramelessWindow.h(1,1): warning C4828: 文件包含在偏移 0x23f 处开始的字符，该字符在当前源字符集中无效(代码页 65001)。 (编译源文件 gui\FramelessWindow.cpp)
D:\work\ClientUtility\ClientUtility\gui\FramelessWindow.h(1,1): warning C4828: 文件包含在偏移 0x243 处开始的字符，该字符在当前源字符集中无效(代码页 65001)。 (编译源文件 gui\FramelessWindow.cpp)
D:\work\ClientUtility\ClientUtility\gui\FramelessWindow.h(1,1): warning C4828: 文件包含在偏移 0x244 处开始的字符，该字符在当前源字符集中无效(代码页 65001)。 (编译源文件 gui\FramelessWindow.cpp)
D:\work\ClientUtility\ClientUtility\gui\FramelessWindow.h(1,1): warning C4828: 文件包含在偏移 0x246 处开始的字符，该字符在当前源字符集中无效(代码页 65001)。 (编译源文件 gui\FramelessWindow.cpp)
D:\work\ClientUtility\ClientUtility\gui\FramelessWindow.h(1,1): warning C4828: 文件包含在偏移 0x248 处开始的字符，该字符在当前源字符集中无效(代码页 65001)。 (编译源文件 gui\FramelessWindow.cpp)
D:\work\ClientUtility\ClientUtility\gui\FramelessWindow.h(1,1): warning C4828: 文件包含在偏移 0x249 处开始的字符，该字符在当前源字符集中无效(代码页 65001)。 (编译源文件 gui\FramelessWindow.cpp)
D:\work\ClientUtility\ClientUtility\gui\FramelessWindow.h(1,1): warning C4828: 文件包含在偏移 0x24a 处开始的字符，该字符在当前源字符集中无效(代码页 65001)。 (编译源文件 gui\FramelessWindow.cpp)
D:\work\ClientUtility\ClientUtility\gui\FramelessWindow.h(1,1): warning C4828: 文件包含在偏移 0x24b 处开始的字符，该字符在当前源字符集中无效(代码页 65001)。 (编译源文件 gui\FramelessWindow.cpp)
D:\work\ClientUtility\ClientUtility\gui\FramelessWindow.h(1,1): warning C4828: 文件包含在偏移 0x24c 处开始的字符，该字符在当前源字符集中无效(代码页 65001)。 (编译源文件 gui\FramelessWindow.cpp)
D:\work\ClientUtility\ClientUtility\gui\FramelessWindow.h(1,1): warning C4828: 文件包含在偏移 0x24e 处开始的字符，该字符在当前源字符集中无效(代码页 65001)。 (编译源文件 gui\FramelessWindow.cpp)
D:\work\ClientUtility\ClientUtility\gui\FramelessWindow.h(1,1): warning C4828: 文件包含在偏移 0x24f 处开始的字符，该字符在当前源字符集中无效(代码页 65001)。 (编译源文件 gui\FramelessWindow.cpp)
D:\work\ClientUtility\ClientUtility\gui\FramelessWindow.h(1,1): warning C4828: 文件包含在偏移 0x253 处开始的字符，该字符在当前源字符集中无效(代码页 65001)。 (编译源文件 gui\FramelessWindow.cpp)
D:\work\ClientUtility\ClientUtility\gui\FramelessWindow.h(1,1): warning C4828: 文件包含在偏移 0x258 处开始的字符，该字符在当前源字符集中无效(代码页 65001)。 (编译源文件 gui\FramelessWindow.cpp)
D:\work\ClientUtility\ClientUtility\gui\FramelessWindow.h(1,1): warning C4828: 文件包含在偏移 0x259 处开始的字符，该字符在当前源字符集中无效(代码页 65001)。 (编译源文件 gui\FramelessWindow.cpp)
D:\work\ClientUtility\ClientUtility\gui\FramelessWindow.h(1,1): warning C4828: 文件包含在偏移 0x25a 处开始的字符，该字符在当前源字符集中无效(代码页 65001)。 (编译源文件 gui\FramelessWindow.cpp)
D:\work\ClientUtility\ClientUtility\gui\FramelessWindow.h(1,1): warning C4828: 文件包含在偏移 0x25b 处开始的字符，该字符在当前源字符集中无效(代码页 65001)。 (编译源文件 gui\FramelessWindow.cpp)
D:\work\ClientUtility\ClientUtility\gui\FramelessWindow.h(1,1): warning C4828: 文件包含在偏移 0x25f 处开始的字符，该字符在当前源字符集中无效(代码页 65001)。 (编译源文件 gui\FramelessWindow.cpp)
D:\work\ClientUtility\ClientUtility\gui\FramelessWindow.h(1,1): warning C4828: 文件包含在偏移 0x262 处开始的字符，该字符在当前源字符集中无效(代码页 65001)。 (编译源文件 gui\FramelessWindow.cpp)
D:\work\ClientUtility\ClientUtility\gui\FramelessWindow.h(1,1): warning C4828: 文件包含在偏移 0x263 处开始的字符，该字符在当前源字符集中无效(代码页 65001)。 (编译源文件 gui\FramelessWindow.cpp)
D:\work\ClientUtility\ClientUtility\gui\FramelessWindow.h(1,1): warning C4828: 文件包含在偏移 0x265 处开始的字符，该字符在当前源字符集中无效(代码页 65001)。 (编译源文件 gui\FramelessWindow.cpp)
D:\work\ClientUtility\ClientUtility\gui\FramelessWindow.h(1,1): warning C4828: 文件包含在偏移 0x27e 处开始的字符，该字符在当前源字符集中无效(代码页 65001)。 (编译源文件 gui\FramelessWindow.cpp)
D:\work\ClientUtility\ClientUtility\gui\FramelessWindow.h(1,1): warning C4828: 文件包含在偏移 0x27f 处开始的字符，该字符在当前源字符集中无效(代码页 65001)。 (编译源文件 gui\FramelessWindow.cpp)
D:\work\ClientUtility\ClientUtility\gui\FramelessWindow.h(1,1): warning C4828: 文件包含在偏移 0x281 处开始的字符，该字符在当前源字符集中无效(代码页 65001)。 (编译源文件 gui\FramelessWindow.cpp)
D:\work\ClientUtility\ClientUtility\gui\FramelessWindow.h(1,1): warning C4828: 文件包含在偏移 0x28f 处开始的字符，该字符在当前源字符集中无效(代码页 65001)。 (编译源文件 gui\FramelessWindow.cpp)
D:\work\ClientUtility\ClientUtility\gui\FramelessWindow.h(1,1): warning C4828: 文件包含在偏移 0x291 处开始的字符，该字符在当前源字符集中无效(代码页 65001)。 (编译源文件 gui\FramelessWindow.cpp)
D:\work\ClientUtility\ClientUtility\gui\FramelessWindow.h(1,1): warning C4828: 文件包含在偏移 0x292 处开始的字符，该字符在当前源字符集中无效(代码页 65001)。 (编译源文件 gui\FramelessWindow.cpp)
D:\work\ClientUtility\ClientUtility\gui\FramelessWindow.h(1,1): warning C4828: 文件包含在偏移 0x293 处开始的字符，该字符在当前源字符集中无效(代码页 65001)。 (编译源文件 gui\FramelessWindow.cpp)
D:\work\ClientUtility\ClientUtility\gui\FramelessWindow.h(1,1): warning C4828: 文件包含在偏移 0x294 处开始的字符，该字符在当前源字符集中无效(代码页 65001)。 (编译源文件 gui\FramelessWindow.cpp)
D:\work\ClientUtility\ClientUtility\gui\FramelessWindow.h(1,1): warning C4828: 文件包含在偏移 0x296 处开始的字符，该字符在当前源字符集中无效(代码页 65001)。 (编译源文件 gui\FramelessWindow.cpp)
D:\work\ClientUtility\ClientUtility\gui\FramelessWindow.h(1,1): warning C4828: 文件包含在偏移 0x298 处开始的字符，该字符在当前源字符集中无效(代码页 65001)。 (编译源文件 gui\FramelessWindow.cpp)
D:\work\ClientUtility\ClientUtility\gui\FramelessWindow.h(1,1): warning C4828: 文件包含在偏移 0x299 处开始的字符，该字符在当前源字符集中无效(代码页 65001)。 (编译源文件 gui\FramelessWindow.cpp)
D:\work\ClientUtility\ClientUtility\gui\FramelessWindow.h(1,1): warning C4828: 文件包含在偏移 0x29a 处开始的字符，该字符在当前源字符集中无效(代码页 65001)。 (编译源文件 gui\FramelessWindow.cpp)
D:\work\ClientUtility\ClientUtility\gui\FramelessWindow.h(1,1): warning C4828: 文件包含在偏移 0x29b 处开始的字符，该字符在当前源字符集中无效(代码页 65001)。 (编译源文件 gui\FramelessWindow.cpp)
D:\work\ClientUtility\ClientUtility\gui\FramelessWindow.h(1,1): warning C4828: 文件包含在偏移 0x29c 处开始的字符，该字符在当前源字符集中无效(代码页 65001)。 (编译源文件 gui\FramelessWindow.cpp)
D:\work\ClientUtility\ClientUtility\gui\FramelessWindow.h(1,1): warning C4828: 文件包含在偏移 0x29d 处开始的字符，该字符在当前源字符集中无效(代码页 65001)。 (编译源文件 gui\FramelessWindow.cpp)
D:\work\ClientUtility\ClientUtility\gui\FramelessWindow.h(1,1): warning C4828: 文件包含在偏移 0x29f 处开始的字符，该字符在当前源字符集中无效(代码页 65001)。 (编译源文件 gui\FramelessWindow.cpp)
D:\work\ClientUtility\ClientUtility\gui\FramelessWindow.h(1,1): warning C4828: 文件包含在偏移 0x2a0 处开始的字符，该字符在当前源字符集中无效(代码页 65001)。 (编译源文件 gui\FramelessWindow.cpp)
D:\work\ClientUtility\ClientUtility\gui\FramelessWindow.h(1,1): warning C4828: 文件包含在偏移 0x2a2 处开始的字符，该字符在当前源字符集中无效(代码页 65001)。 (编译源文件 gui\FramelessWindow.cpp)
D:\work\ClientUtility\ClientUtility\gui\FramelessWindow.h(1,1): warning C4828: 文件包含在偏移 0x2b3 处开始的字符，该字符在当前源字符集中无效(代码页 65001)。 (编译源文件 gui\FramelessWindow.cpp)
D:\work\ClientUtility\ClientUtility\gui\FramelessWindow.h(1,1): warning C4828: 文件包含在偏移 0x2b5 处开始的字符，该字符在当前源字符集中无效(代码页 65001)。 (编译源文件 gui\FramelessWindow.cpp)
D:\work\ClientUtility\ClientUtility\gui\FramelessWindow.h(1,1): warning C4828: 文件包含在偏移 0x2b6 处开始的字符，该字符在当前源字符集中无效(代码页 65001)。 (编译源文件 gui\FramelessWindow.cpp)
D:\work\ClientUtility\ClientUtility\gui\FramelessWindow.h(1,1): warning C4828: 文件包含在偏移 0x2b7 处开始的字符，该字符在当前源字符集中无效(代码页 65001)。 (编译源文件 gui\FramelessWindow.cpp)
D:\work\ClientUtility\ClientUtility\gui\FramelessWindow.h(1,1): warning C4828: 文件包含在偏移 0x2ba 处开始的字符，该字符在当前源字符集中无效(代码页 65001)。 (编译源文件 gui\FramelessWindow.cpp)
D:\work\ClientUtility\ClientUtility\gui\FramelessWindow.h(1,1): warning C4828: 文件包含在偏移 0x2bb 处开始的字符，该字符在当前源字符集中无效(代码页 65001)。 (编译源文件 gui\FramelessWindow.cpp)
D:\work\ClientUtility\ClientUtility\gui\FramelessWindow.h(1,1): warning C4828: 文件包含在偏移 0x2bc 处开始的字符，该字符在当前源字符集中无效(代码页 65001)。 (编译源文件 gui\FramelessWindow.cpp)
D:\work\ClientUtility\ClientUtility\gui\FramelessWindow.h(1,1): warning C4828: 文件包含在偏移 0x2c0 处开始的字符，该字符在当前源字符集中无效(代码页 65001)。 (编译源文件 gui\FramelessWindow.cpp)
D:\work\ClientUtility\ClientUtility\gui\FramelessWindow.h(1,1): warning C4828: 文件包含在偏移 0x2c1 处开始的字符，该字符在当前源字符集中无效(代码页 65001)。 (编译源文件 gui\FramelessWindow.cpp)
D:\work\ClientUtility\ClientUtility\gui\FramelessWindow.h(1,1): warning C4828: 文件包含在偏移 0x2c3 处开始的字符，该字符在当前源字符集中无效(代码页 65001)。 (编译源文件 gui\FramelessWindow.cpp)
D:\work\ClientUtility\ClientUtility\gui\FramelessWindow.h(1,1): warning C4828: 文件包含在偏移 0x2c4 处开始的字符，该字符在当前源字符集中无效(代码页 65001)。 (编译源文件 gui\FramelessWindow.cpp)
D:\work\ClientUtility\ClientUtility\gui\FramelessWindow.h(1,1): warning C4828: 文件包含在偏移 0x2c7 处开始的字符，该字符在当前源字符集中无效(代码页 65001)。 (编译源文件 gui\FramelessWindow.cpp)
D:\work\ClientUtility\ClientUtility\gui\FramelessWindow.h(1,1): warning C4828: 文件包含在偏移 0x2cb 处开始的字符，该字符在当前源字符集中无效(代码页 65001)。 (编译源文件 gui\FramelessWindow.cpp)
D:\work\ClientUtility\ClientUtility\gui\FramelessWindow.h(1,1): warning C4828: 文件包含在偏移 0x2cc 处开始的字符，该字符在当前源字符集中无效(代码页 65001)。 (编译源文件 gui\FramelessWindow.cpp)
D:\work\ClientUtility\ClientUtility\gui\FramelessWindow.h(1,1): warning C4828: 文件包含在偏移 0x2cd 处开始的字符，该字符在当前源字符集中无效(代码页 65001)。 (编译源文件 gui\FramelessWindow.cpp)
D:\work\ClientUtility\ClientUtility\gui\FramelessWindow.h(1,1): warning C4828: 文件包含在偏移 0x2d2 处开始的字符，该字符在当前源字符集中无效(代码页 65001)。 (编译源文件 gui\FramelessWindow.cpp)
D:\work\ClientUtility\ClientUtility\gui\FramelessWindow.h(1,1): warning C4828: 文件包含在偏移 0x2d3 处开始的字符，该字符在当前源字符集中无效(代码页 65001)。 (编译源文件 gui\FramelessWindow.cpp)
D:\work\ClientUtility\ClientUtility\gui\FramelessWindow.h(1,1): warning C4828: 文件包含在偏移 0x2d5 处开始的字符，该字符在当前源字符集中无效(代码页 65001)。 (编译源文件 gui\FramelessWindow.cpp)
D:\work\ClientUtility\ClientUtility\gui\FramelessWindow.h(1,1): warning C4828: 文件包含在偏移 0x2d6 处开始的字符，该字符在当前源字符集中无效(代码页 65001)。 (编译源文件 gui\FramelessWindow.cpp)
D:\work\ClientUtility\ClientUtility\gui\FramelessWindow.h(1,1): warning C4828: 文件包含在偏移 0x2d8 处开始的字符，该字符在当前源字符集中无效(代码页 65001)。 (编译源文件 gui\FramelessWindow.cpp)
D:\work\ClientUtility\ClientUtility\gui\FramelessWindow.h(1,1): warning C4828: 文件包含在偏移 0x2d9 处开始的字符，该字符在当前源字符集中无效(代码页 65001)。 (编译源文件 gui\FramelessWindow.cpp)
D:\work\ClientUtility\ClientUtility\gui\FramelessWindow.h(1,1): warning C4828: 文件包含在偏移 0x2da 处开始的字符，该字符在当前源字符集中无效(代码页 65001)。 (编译源文件 gui\FramelessWindow.cpp)
D:\work\ClientUtility\ClientUtility\gui\FramelessWindow.h(1,1): warning C4828: 文件包含在偏移 0x2dc 处开始的字符，该字符在当前源字符集中无效(代码页 65001)。 (编译源文件 gui\FramelessWindow.cpp)
D:\work\ClientUtility\ClientUtility\gui\FramelessWindow.h(1,1): warning C4828: 文件包含在偏移 0x2de 处开始的字符，该字符在当前源字符集中无效(代码页 65001)。 (编译源文件 gui\FramelessWindow.cpp)
D:\work\ClientUtility\ClientUtility\gui\FramelessWindow.h(1,1): warning C4828: 文件包含在偏移 0x2df 处开始的字符，该字符在当前源字符集中无效(代码页 65001)。 (编译源文件 gui\FramelessWindow.cpp)
D:\work\ClientUtility\ClientUtility\gui\FramelessWindow.h(1,1): warning C4828: 文件包含在偏移 0x2e0 处开始的字符，该字符在当前源字符集中无效(代码页 65001)。 (编译源文件 gui\FramelessWindow.cpp)
D:\work\ClientUtility\ClientUtility\gui\FramelessWindow.h(1,1): warning C4828: 文件包含在偏移 0x2e4 处开始的字符，该字符在当前源字符集中无效(代码页 65001)。 (编译源文件 gui\FramelessWindow.cpp)
D:\work\ClientUtility\ClientUtility\gui\FramelessWindow.h(1,1): warning C4828: 文件包含在偏移 0x2e5 处开始的字符，该字符在当前源字符集中无效(代码页 65001)。 (编译源文件 gui\FramelessWindow.cpp)
D:\work\ClientUtility\ClientUtility\gui\FramelessWindow.h(1,1): warning C4828: 文件包含在偏移 0x2e8 处开始的字符，该字符在当前源字符集中无效(代码页 65001)。 (编译源文件 gui\FramelessWindow.cpp)
D:\work\ClientUtility\ClientUtility\gui\FramelessWindow.h(1,1): warning C4828: 文件包含在偏移 0x2ea 处开始的字符，该字符在当前源字符集中无效(代码页 65001)。 (编译源文件 gui\FramelessWindow.cpp)
D:\work\ClientUtility\ClientUtility\gui\FramelessWindow.h(1,1): warning C4828: 文件包含在偏移 0x2ec 处开始的字符，该字符在当前源字符集中无效(代码页 65001)。 (编译源文件 gui\FramelessWindow.cpp)
D:\work\ClientUtility\ClientUtility\gui\FramelessWindow.h(1,1): warning C4828: 文件包含在偏移 0x2ed 处开始的字符，该字符在当前源字符集中无效(代码页 65001)。 (编译源文件 gui\FramelessWindow.cpp)
D:\work\ClientUtility\ClientUtility\gui\FramelessWindow.h(1,1): warning C4828: 文件包含在偏移 0x2f1 处开始的字符，该字符在当前源字符集中无效(代码页 65001)。 (编译源文件 gui\FramelessWindow.cpp)
D:\work\ClientUtility\ClientUtility\gui\FramelessWindow.h(1,1): warning C4828: 文件包含在偏移 0x2f2 处开始的字符，该字符在当前源字符集中无效(代码页 65001)。 (编译源文件 gui\FramelessWindow.cpp)
D:\work\ClientUtility\ClientUtility\gui\FramelessWindow.h(1,1): warning C4828: 文件包含在偏移 0x2f3 处开始的字符，该字符在当前源字符集中无效(代码页 65001)。 (编译源文件 gui\FramelessWindow.cpp)
D:\work\ClientUtility\ClientUtility\gui\FramelessWindow.h(1,1): warning C4828: 文件包含在偏移 0x2f4 处开始的字符，该字符在当前源字符集中无效(代码页 65001)。 (编译源文件 gui\FramelessWindow.cpp)
D:\work\ClientUtility\ClientUtility\gui\FramelessWindow.h(1,1): warning C4828: 文件包含在偏移 0x2f6 处开始的字符，该字符在当前源字符集中无效(代码页 65001)。 (编译源文件 gui\FramelessWindow.cpp)
D:\work\ClientUtility\ClientUtility\gui\FramelessWindow.h(1,1): warning C4828: 文件包含在偏移 0x2f7 处开始的字符，该字符在当前源字符集中无效(代码页 65001)。 (编译源文件 gui\FramelessWindow.cpp)
D:\work\ClientUtility\ClientUtility\gui\FramelessWindow.h(1,1): warning C4828: 文件包含在偏移 0x2fa 处开始的字符，该字符在当前源字符集中无效(代码页 65001)。 (编译源文件 gui\FramelessWindow.cpp)
D:\work\ClientUtility\ClientUtility\gui\FramelessWindow.h(1,1): warning C4828: 文件包含在偏移 0x2fb 处开始的字符，该字符在当前源字符集中无效(代码页 65001)。 (编译源文件 gui\FramelessWindow.cpp)
D:\work\ClientUtility\ClientUtility\gui\FramelessWindow.h(1,1): warning C4828: 文件包含在偏移 0x2fd 处开始的字符，该字符在当前源字符集中无效(代码页 65001)。 (编译源文件 gui\FramelessWindow.cpp)
D:\work\ClientUtility\ClientUtility\gui\FramelessWindow.h(1,1): warning C4828: 文件包含在偏移 0x2ff 处开始的字符，该字符在当前源字符集中无效(代码页 65001)。 (编译源文件 gui\FramelessWindow.cpp)
D:\work\ClientUtility\ClientUtility\gui\FramelessWindow.h(1,1): warning C4828: 文件包含在偏移 0x300 处开始的字符，该字符在当前源字符集中无效(代码页 65001)。 (编译源文件 gui\FramelessWindow.cpp)
D:\work\ClientUtility\ClientUtility\gui\FramelessWindow.h(1,1): warning C4828: 文件包含在偏移 0x302 处开始的字符，该字符在当前源字符集中无效(代码页 65001)。 (编译源文件 gui\FramelessWindow.cpp)
D:\work\ClientUtility\ClientUtility\gui\FramelessWindow.h(1,1): warning C4828: 文件包含在偏移 0x303 处开始的字符，该字符在当前源字符集中无效(代码页 65001)。 (编译源文件 gui\FramelessWindow.cpp)
D:\work\ClientUtility\ClientUtility\ClientUtility.cpp(4,1): warning C4273: “ClientUtility::ClientUtility”: dll 链接不一致
D:\work\ClientUtility\ClientUtility\ClientUtility.h(8,2): message : 参见“{ctor}”的前一个定义 (编译源文件 ClientUtility.cpp)
D:\work\ClientUtility\ClientUtility\gui\FramelessDialog.cpp(4,1): warning C4273: “FramelessDialog::FramelessDialog”: dll 链接不一致
D:\work\ClientUtility\ClientUtility\gui\FramelessDialog.h(22,2): message : 参见“{ctor}”的前一个定义 (编译源文件 gui\FramelessDialog.cpp)
D:\work\ClientUtility\ClientUtility\gui\FramelessDialog.cpp(3,43): warning C4100: “parent”: 未引用的形参
D:\work\ClientUtility\ClientUtility\gui\FramelessDialog.cpp(23,1): warning C4273: “FramelessDialog::mousePressEvent”: dll 链接不一致
D:\work\ClientUtility\ClientUtility\gui\FramelessDialog.h(26,15): message : 参见“mousePressEvent”的前一个定义 (编译源文件 gui\FramelessDialog.cpp)
D:\work\ClientUtility\ClientUtility\gui\FramelessDialog.cpp(41,1): warning C4273: “FramelessDialog::mouseMoveEvent”: dll 链接不一致
D:\work\ClientUtility\ClientUtility\gui\FramelessDialog.h(27,15): message : 参见“mouseMoveEvent”的前一个定义 (编译源文件 gui\FramelessDialog.cpp)
D:\work\ClientUtility\ClientUtility\gui\FramelessWindow.cpp(5,50): warning C4273: “FramelessWindow::FramelessWindow”: dll 链接不一致
D:\work\ClientUtility\ClientUtility\gui\FramelessWindow.h(29,2): message : 参见“{ctor}”的前一个定义 (编译源文件 gui\FramelessWindow.cpp)
D:\work\ClientUtility\ClientUtility\gui\FramelessWindow.cpp(12,1): warning C4273: “FramelessWindow::~FramelessWindow”: dll 链接不一致
D:\work\ClientUtility\ClientUtility\gui\FramelessWindow.h(30,11): message : 参见“{dtor}”的前一个定义 (编译源文件 gui\FramelessWindow.cpp)
D:\work\ClientUtility\ClientUtility\gui\FramelessWindow.cpp(17,1): warning C4273: “FramelessWindow::updateLanguage”: dll 链接不一致
D:\work\ClientUtility\ClientUtility\gui\FramelessWindow.h(35,15): message : 参见“updateLanguage”的前一个定义 (编译源文件 gui\FramelessWindow.cpp)
D:\work\ClientUtility\ClientUtility\gui\FramelessWindow.cpp(34,1): warning C4273: “FramelessWindow::mousePressEvent”: dll 链接不一致
D:\work\ClientUtility\ClientUtility\gui\FramelessWindow.h(37,15): message : 参见“mousePressEvent”的前一个定义 (编译源文件 gui\FramelessWindow.cpp)
D:\work\ClientUtility\ClientUtility\gui\FramelessWindow.cpp(60,1): warning C4273: “FramelessWindow::mouseMoveEvent”: dll 链接不一致
D:\work\ClientUtility\ClientUtility\gui\FramelessWindow.h(38,15): message : 参见“mouseMoveEvent”的前一个定义 (编译源文件 gui\FramelessWindow.cpp)
D:\work\ClientUtility\ClientUtility\gui\FramelessWindow.cpp(92,1): warning C4273: “FramelessWindow::changeEvent”: dll 链接不一致
D:\work\ClientUtility\ClientUtility\gui\FramelessWindow.h(40,7): message : 参见“changeEvent”的前一个定义 (编译源文件 gui\FramelessWindow.cpp)
    正在创建库 ..\debug\\ClientUtilityd.lib 和对象 ..\debug\\ClientUtilityd.exp
FramelessDialog.obj : error LNK2019: 无法解析的外部符号 "__declspec(dllimport) const FramelessDialog::`vftable'{for `QObject'}" (__imp_??_7FramelessDialog@@6BQObject@@@)，函数 "public: __cdecl FramelessDialog::FramelessDialog(class QDialog *)" (??0FramelessDialog@@QEAA@PEAVQDialog@@@Z) 中引用了该符号
FramelessDialog.obj : error LNK2019: 无法解析的外部符号 "__declspec(dllimport) const FramelessDialog::`vftable'{for `QPaintDevice'}" (__imp_??_7FramelessDialog@@6BQPaintDevice@@@)，函数 "public: __cdecl FramelessDialog::FramelessDialog(class QDialog *)" (??0FramelessDialog@@QEAA@PEAVQDialog@@@Z) 中引用了该符号
FramelessWindow.obj : error LNK2019: 无法解析的外部符号 "__declspec(dllimport) const FramelessWindow::`vftable'{for `QObject'}" (__imp_??_7FramelessWindow@@6BQObject@@@)，函数 "public: __cdecl FramelessWindow::FramelessWindow(class QWidget *)" (??0FramelessWindow@@QEAA@PEAVQWidget@@@Z) 中引用了该符号
FramelessWindow.obj : error LNK2019: 无法解析的外部符号 "__declspec(dllimport) const FramelessWindow::`vftable'{for `QPaintDevice'}" (__imp_??_7FramelessWindow@@6BQPaintDevice@@@)，函数 "public: __cdecl FramelessWindow::FramelessWindow(class QWidget *)" (??0FramelessWindow@@QEAA@PEAVQWidget@@@Z) 中引用了该符号
..\debug\\ClientUtilityd.dll : fatal error LNK1120: 4 个无法解析的外部命令
